[2019-10-28 19:55:50.199] [jointLog] [info] Fragment incompatibility prior below threshold.  Incompatible fragments will be ignored.
[2019-10-28 19:55:50.199] [jointLog] [info] Usage of --validateMappings implies use of minScoreFraction. Since not explicitly specified, it is being set to 0.65
[2019-10-28 19:55:50.199] [jointLog] [info] Usage of --validateMappings, without --hardFilter implies use of range factorization. rangeFactorizationBins is being set to 4
[2019-10-28 19:55:50.199] [jointLog] [info] Usage of --validateMappings implies a default consensus slack of 0.2. Setting consensusSlack to 0.2.
[2019-10-28 19:55:50.199] [jointLog] [info] parsing read library format
[2019-10-28 19:55:50.199] [jointLog] [info] There is 1 library.
[2019-10-28 19:55:50.249] [jointLog] [info] Loading Quasi index
[2019-10-28 19:55:50.249] [jointLog] [info] Loading 32-bit quasi index
[2019-10-28 19:55:52.638] [jointLog] [info] done
[2019-10-28 19:55:52.638] [jointLog] [info] Index contained 52,718 targets
[2019-10-28 19:55:53.789] [jointLog] [info] Automatically detected most likely library type as ISR
[2019-10-28 19:57:35.330] [jointLog] [info] Thread saw mini-batch with a maximum of 1.32% zero probability fragments
[2019-10-28 19:57:35.340] [jointLog] [info] Thread saw mini-batch with a maximum of 1.16% zero probability fragments
[2019-10-28 19:57:35.360] [jointLog] [info] Thread saw mini-batch with a maximum of 1.26% zero probability fragments
[2019-10-28 19:57:35.362] [jointLog] [info] Thread saw mini-batch with a maximum of 1.22% zero probability fragments
[2019-10-28 19:57:35.434] [jointLog] [info] Thread saw mini-batch with a maximum of 1.24% zero probability fragments
[2019-10-28 19:57:35.437] [jointLog] [info] Thread saw mini-batch with a maximum of 1.22% zero probability fragments
[2019-10-28 19:57:35.438] [jointLog] [info] Thread saw mini-batch with a maximum of 1.22% zero probability fragments
[2019-10-28 19:57:35.439] [jointLog] [info] Thread saw mini-batch with a maximum of 1.22% zero probability fragments
[2019-10-28 19:57:35.529] [jointLog] [info] Computed 79,642 rich equivalence classes for further processing
[2019-10-28 19:57:35.529] [jointLog] [info] Counted 16,866,212 total reads in the equivalence classes 
[2019-10-28 19:57:35.546] [jointLog] [info] Number of mappings discarded because of alignment score : 571,415
[2019-10-28 19:57:35.546] [jointLog] [info] Number of fragments entirely discarded because of alignment score : 593,010
[2019-10-28 19:57:35.546] [jointLog] [info] Number of fragments discarded because they are best-mapped to decoys : 0
[2019-10-28 19:57:35.546] [jointLog] [info] Number of fragments discarded because they have only dovetail (discordant) mappings : 92,667
[2019-10-28 19:57:35.546] [jointLog] [info] Mapping rate = 84.3761%

[2019-10-28 19:57:35.546] [jointLog] [info] finished quantifyLibrary()
[2019-10-28 19:57:35.638] [jointLog] [info] Starting optimizer
[2019-10-28 19:57:35.662] [jointLog] [info] Marked 0 weighted equivalence classes as degenerate
[2019-10-28 19:57:35.665] [jointLog] [info] iteration = 0 | max rel diff. = 16591.8
[2019-10-28 19:57:35.693] [jointLog] [info] iteration 11, adjusting effective lengths to account for biases
[2019-10-28 19:57:35.530] [fileLog] [info] 
At end of round 0
==================
Observed 19989333 total fragments (19989333 in most recent round)

[2019-10-28 19:57:59.846] [jointLog] [info] Computed expected counts (for bias correction)
[2019-10-28 19:57:59.847] [jointLog] [info] processed bias for 0.0% of the transcripts
[2019-10-28 19:58:02.032] [jointLog] [info] processed bias for 10.0% of the transcripts
[2019-10-28 19:58:04.240] [jointLog] [info] processed bias for 20.0% of the transcripts
[2019-10-28 19:58:06.475] [jointLog] [info] processed bias for 30.0% of the transcripts
[2019-10-28 19:58:08.703] [jointLog] [info] processed bias for 40.0% of the transcripts
[2019-10-28 19:58:10.815] [jointLog] [info] processed bias for 50.0% of the transcripts
[2019-10-28 19:58:13.079] [jointLog] [info] processed bias for 60.0% of the transcripts
[2019-10-28 19:58:15.242] [jointLog] [info] processed bias for 70.0% of the transcripts
[2019-10-28 19:58:17.657] [jointLog] [info] processed bias for 80.0% of the transcripts
[2019-10-28 19:58:19.913] [jointLog] [info] processed bias for 100.0% of the transcripts
[2019-10-28 19:58:20.168] [jointLog] [info] iteration = 100 | max rel diff. = 20.6598
[2019-10-28 19:58:20.449] [jointLog] [info] iteration = 200 | max rel diff. = 18.0908
[2019-10-28 19:58:20.728] [jointLog] [info] iteration = 300 | max rel diff. = 13.2741
[2019-10-28 19:58:21.004] [jointLog] [info] iteration = 400 | max rel diff. = 18.2
[2019-10-28 19:58:21.283] [jointLog] [info] iteration = 500 | max rel diff. = 14.8793
[2019-10-28 19:58:21.564] [jointLog] [info] iteration = 600 | max rel diff. = 4.91005
[2019-10-28 19:58:21.846] [jointLog] [info] iteration = 700 | max rel diff. = 1.31673
[2019-10-28 19:58:22.128] [jointLog] [info] iteration = 800 | max rel diff. = 3.92277
[2019-10-28 19:58:22.409] [jointLog] [info] iteration = 900 | max rel diff. = 7.68988
[2019-10-28 19:58:22.690] [jointLog] [info] iteration = 1,000 | max rel diff. = 10.6288
[2019-10-28 19:58:22.972] [jointLog] [info] iteration = 1,100 | max rel diff. = 4.2913
[2019-10-28 19:58:23.253] [jointLog] [info] iteration = 1,200 | max rel diff. = 17.7502
[2019-10-28 19:58:23.534] [jointLog] [info] iteration = 1,300 | max rel diff. = 1.13997
[2019-10-28 19:58:23.815] [jointLog] [info] iteration = 1,400 | max rel diff. = 2.63667
[2019-10-28 19:58:24.093] [jointLog] [info] iteration = 1,500 | max rel diff. = 0.441209
[2019-10-28 19:58:24.373] [jointLog] [info] iteration = 1,600 | max rel diff. = 2.5029
[2019-10-28 19:58:24.652] [jointLog] [info] iteration = 1,700 | max rel diff. = 3.29678
[2019-10-28 19:58:24.932] [jointLog] [info] iteration = 1,800 | max rel diff. = 0.256506
[2019-10-28 19:58:25.211] [jointLog] [info] iteration = 1,900 | max rel diff. = 0.430183
[2019-10-28 19:58:25.490] [jointLog] [info] iteration = 2,000 | max rel diff. = 0.221029
[2019-10-28 19:58:25.770] [jointLog] [info] iteration = 2,100 | max rel diff. = 0.0594184
[2019-10-28 19:58:26.050] [jointLog] [info] iteration = 2,200 | max rel diff. = 0.847993
[2019-10-28 19:58:26.327] [jointLog] [info] iteration = 2,300 | max rel diff. = 0.100802
[2019-10-28 19:58:26.606] [jointLog] [info] iteration = 2,400 | max rel diff. = 0.115908
[2019-10-28 19:58:26.886] [jointLog] [info] iteration = 2,500 | max rel diff. = 0.194004
[2019-10-28 19:58:27.164] [jointLog] [info] iteration = 2,600 | max rel diff. = 0.0562524
[2019-10-28 19:58:27.443] [jointLog] [info] iteration = 2,700 | max rel diff. = 0.0836158
[2019-10-28 19:58:27.725] [jointLog] [info] iteration = 2,800 | max rel diff. = 0.0846318
[2019-10-28 19:58:28.007] [jointLog] [info] iteration = 2,900 | max rel diff. = 0.0967978
[2019-10-28 19:58:28.286] [jointLog] [info] iteration = 3,000 | max rel diff. = 0.0309968
[2019-10-28 19:58:28.567] [jointLog] [info] iteration = 3,100 | max rel diff. = 0.0529564
[2019-10-28 19:58:28.848] [jointLog] [info] iteration = 3,200 | max rel diff. = 0.222087
[2019-10-28 19:58:29.127] [jointLog] [info] iteration = 3,300 | max rel diff. = 0.558181
[2019-10-28 19:58:29.406] [jointLog] [info] iteration = 3,400 | max rel diff. = 0.441653
[2019-10-28 19:58:29.680] [jointLog] [info] iteration = 3,500 | max rel diff. = 0.237004
[2019-10-28 19:58:29.956] [jointLog] [info] iteration = 3,600 | max rel diff. = 0.0359556
[2019-10-28 19:58:30.235] [jointLog] [info] iteration = 3,700 | max rel diff. = 0.697205
[2019-10-28 19:58:30.514] [jointLog] [info] iteration = 3,800 | max rel diff. = 0.0263611
[2019-10-28 19:58:30.785] [jointLog] [info] iteration = 3,900 | max rel diff. = 0.108285
[2019-10-28 19:58:31.055] [jointLog] [info] iteration = 4,000 | max rel diff. = 0.0572676
[2019-10-28 19:58:31.333] [jointLog] [info] iteration = 4,100 | max rel diff. = 0.0362201
[2019-10-28 19:58:31.602] [jointLog] [info] iteration = 4,200 | max rel diff. = 0.14979
[2019-10-28 19:58:31.873] [jointLog] [info] iteration = 4,300 | max rel diff. = 0.0512391
[2019-10-28 19:58:32.148] [jointLog] [info] iteration = 4,400 | max rel diff. = 0.0843396
[2019-10-28 19:58:32.419] [jointLog] [info] iteration = 4,500 | max rel diff. = 0.0393773
[2019-10-28 19:58:32.689] [jointLog] [info] iteration = 4,600 | max rel diff. = 0.0321787
[2019-10-28 19:58:32.958] [jointLog] [info] iteration = 4,700 | max rel diff. = 0.0269195
[2019-10-28 19:58:33.060] [jointLog] [info] iteration = 4,740 | max rel diff. = 0.00785936
[2019-10-28 19:58:33.062] [jointLog] [info] Finished optimizer
[2019-10-28 19:58:33.062] [jointLog] [info] writing output 

[2019-10-28 19:58:33.646] [jointLog] [info] Starting Bootstrapping
[2019-10-28 19:58:33.672] [jointLog] [info] Will draw 100 bootstrap samples
[2019-10-28 19:58:33.672] [jointLog] [info] Optimizing over 79,642 equivalence classes
[2019-10-28 19:58:33.681] [jointLog] [info] Marked 0 weighted equivalence classes as degenerate
[2019-10-28 19:59:12.286] [jointLog] [info] wrote 1 bootstraps
[2019-10-28 19:59:13.856] [jointLog] [info] wrote 2 bootstraps
[2019-10-28 19:59:14.421] [jointLog] [info] wrote 3 bootstraps
[2019-10-28 19:59:15.008] [jointLog] [info] wrote 4 bootstraps
[2019-10-28 19:59:15.824] [jointLog] [info] wrote 5 bootstraps
[2019-10-28 19:59:25.015] [jointLog] [info] wrote 6 bootstraps
[2019-10-28 19:59:27.034] [jointLog] [info] wrote 7 bootstraps
[2019-10-28 19:59:52.978] [jointLog] [info] wrote 8 bootstraps
[2019-10-28 19:59:55.726] [jointLog] [info] wrote 9 bootstraps
[2019-10-28 19:59:56.708] [jointLog] [info] wrote 10 bootstraps
[2019-10-28 20:00:02.910] [jointLog] [info] wrote 11 bootstraps
[2019-10-28 20:00:04.289] [jointLog] [info] wrote 12 bootstraps
[2019-10-28 20:00:07.532] [jointLog] [info] wrote 13 bootstraps
[2019-10-28 20:00:14.361] [jointLog] [info] wrote 14 bootstraps
[2019-10-28 20:00:34.794] [jointLog] [info] wrote 15 bootstraps
[2019-10-28 20:00:34.821] [jointLog] [info] wrote 16 bootstraps
[2019-10-28 20:00:41.375] [jointLog] [info] wrote 17 bootstraps
[2019-10-28 20:00:41.743] [jointLog] [info] wrote 18 bootstraps
[2019-10-28 20:00:48.738] [jointLog] [info] wrote 19 bootstraps
[2019-10-28 20:00:48.922] [jointLog] [info] wrote 20 bootstraps
[2019-10-28 20:00:51.608] [jointLog] [info] wrote 21 bootstraps
[2019-10-28 20:01:20.070] [jointLog] [info] wrote 22 bootstraps
[2019-10-28 20:01:20.845] [jointLog] [info] wrote 23 bootstraps
[2019-10-28 20:01:24.930] [jointLog] [info] wrote 24 bootstraps
[2019-10-28 20:01:27.947] [jointLog] [info] wrote 25 bootstraps
[2019-10-28 20:01:29.977] [jointLog] [info] wrote 26 bootstraps
[2019-10-28 20:01:37.137] [jointLog] [info] wrote 27 bootstraps
[2019-10-28 20:01:41.395] [jointLog] [info] wrote 28 bootstraps
[2019-10-28 20:02:04.950] [jointLog] [info] wrote 29 bootstraps
[2019-10-28 20:02:08.054] [jointLog] [info] wrote 30 bootstraps
[2019-10-28 20:02:12.088] [jointLog] [info] wrote 31 bootstraps
[2019-10-28 20:02:13.339] [jointLog] [info] wrote 32 bootstraps
[2019-10-28 20:02:16.052] [jointLog] [info] wrote 33 bootstraps
[2019-10-28 20:02:21.172] [jointLog] [info] wrote 34 bootstraps
[2019-10-28 20:02:27.938] [jointLog] [info] wrote 35 bootstraps
[2019-10-28 20:02:50.218] [jointLog] [info] wrote 36 bootstraps
[2019-10-28 20:02:51.164] [jointLog] [info] wrote 37 bootstraps
[2019-10-28 20:02:54.162] [jointLog] [info] wrote 38 bootstraps
[2019-10-28 20:02:55.186] [jointLog] [info] wrote 39 bootstraps
[2019-10-28 20:02:59.122] [jointLog] [info] wrote 40 bootstraps
[2019-10-28 20:03:04.035] [jointLog] [info] wrote 41 bootstraps
[2019-10-28 20:03:07.283] [jointLog] [info] wrote 42 bootstraps
[2019-10-28 20:03:32.215] [jointLog] [info] wrote 43 bootstraps
[2019-10-28 20:03:34.827] [jointLog] [info] wrote 44 bootstraps
[2019-10-28 20:03:39.381] [jointLog] [info] wrote 45 bootstraps
[2019-10-28 20:03:40.380] [jointLog] [info] wrote 46 bootstraps
[2019-10-28 20:03:40.393] [jointLog] [info] wrote 47 bootstraps
[2019-10-28 20:03:45.483] [jointLog] [info] wrote 48 bootstraps
[2019-10-28 20:03:54.283] [jointLog] [info] wrote 49 bootstraps
[2019-10-28 20:04:12.611] [jointLog] [info] wrote 50 bootstraps
[2019-10-28 20:04:14.717] [jointLog] [info] wrote 51 bootstraps
[2019-10-28 20:04:22.259] [jointLog] [info] wrote 52 bootstraps
[2019-10-28 20:04:24.473] [jointLog] [info] wrote 53 bootstraps
[2019-10-28 20:04:29.263] [jointLog] [info] wrote 54 bootstraps
[2019-10-28 20:04:33.220] [jointLog] [info] wrote 55 bootstraps
[2019-10-28 20:04:45.236] [jointLog] [info] wrote 56 bootstraps
[2019-10-28 20:04:48.775] [jointLog] [info] wrote 57 bootstraps
[2019-10-28 20:04:52.655] [jointLog] [info] wrote 58 bootstraps
[2019-10-28 20:05:03.174] [jointLog] [info] wrote 59 bootstraps
[2019-10-28 20:05:05.998] [jointLog] [info] wrote 60 bootstraps
[2019-10-28 20:05:12.716] [jointLog] [info] wrote 61 bootstraps
[2019-10-28 20:05:13.716] [jointLog] [info] wrote 62 bootstraps
[2019-10-28 20:05:25.849] [jointLog] [info] wrote 63 bootstraps
[2019-10-28 20:05:34.677] [jointLog] [info] wrote 64 bootstraps
[2019-10-28 20:05:43.067] [jointLog] [info] wrote 65 bootstraps
[2019-10-28 20:05:43.439] [jointLog] [info] wrote 66 bootstraps
[2019-10-28 20:05:51.721] [jointLog] [info] wrote 67 bootstraps
[2019-10-28 20:05:52.145] [jointLog] [info] wrote 68 bootstraps
[2019-10-28 20:06:01.523] [jointLog] [info] wrote 69 bootstraps
[2019-10-28 20:06:03.479] [jointLog] [info] wrote 70 bootstraps
[2019-10-28 20:06:20.157] [jointLog] [info] wrote 71 bootstraps
[2019-10-28 20:06:24.720] [jointLog] [info] wrote 72 bootstraps
[2019-10-28 20:06:26.669] [jointLog] [info] wrote 73 bootstraps
[2019-10-28 20:06:31.288] [jointLog] [info] wrote 74 bootstraps
[2019-10-28 20:06:34.418] [jointLog] [info] wrote 75 bootstraps
[2019-10-28 20:06:47.820] [jointLog] [info] wrote 76 bootstraps
[2019-10-28 20:06:55.912] [jointLog] [info] wrote 77 bootstraps
[2019-10-28 20:06:57.714] [jointLog] [info] wrote 78 bootstraps
[2019-10-28 20:07:06.022] [jointLog] [info] wrote 79 bootstraps
[2019-10-28 20:07:06.133] [jointLog] [info] wrote 80 bootstraps
[2019-10-28 20:07:08.808] [jointLog] [info] wrote 81 bootstraps
[2019-10-28 20:07:18.588] [jointLog] [info] wrote 82 bootstraps
[2019-10-28 20:07:31.382] [jointLog] [info] wrote 83 bootstraps
[2019-10-28 20:07:32.579] [jointLog] [info] wrote 84 bootstraps
[2019-10-28 20:07:41.972] [jointLog] [info] wrote 85 bootstraps
[2019-10-28 20:07:50.816] [jointLog] [info] wrote 86 bootstraps
[2019-10-28 20:07:51.803] [jointLog] [info] wrote 87 bootstraps
[2019-10-28 20:07:53.546] [jointLog] [info] wrote 88 bootstraps
[2019-10-28 20:07:56.907] [jointLog] [info] wrote 89 bootstraps
[2019-10-28 20:08:10.219] [jointLog] [info] wrote 90 bootstraps
[2019-10-28 20:08:14.884] [jointLog] [info] wrote 91 bootstraps
[2019-10-28 20:08:29.046] [jointLog] [info] wrote 92 bootstraps
[2019-10-28 20:08:31.271] [jointLog] [info] wrote 93 bootstraps
[2019-10-28 20:08:32.037] [jointLog] [info] wrote 94 bootstraps
[2019-10-28 20:08:39.757] [jointLog] [info] wrote 95 bootstraps
[2019-10-28 20:08:39.945] [jointLog] [info] wrote 96 bootstraps
[2019-10-28 20:08:51.735] [jointLog] [info] wrote 97 bootstraps
[2019-10-28 20:08:52.572] [jointLog] [info] wrote 98 bootstraps
[2019-10-28 20:09:10.041] [jointLog] [info] wrote 99 bootstraps
[2019-10-28 20:09:18.507] [jointLog] [info] wrote 100 bootstraps
[2019-10-28 20:09:18.513] [jointLog] [info] Finished Bootstrapping
