[2019-10-28 16:28:34.876] [jointLog] [info] Fragment incompatibility prior below threshold.  Incompatible fragments will be ignored.
[2019-10-28 16:28:34.876] [jointLog] [info] Usage of --validateMappings implies use of minScoreFraction. Since not explicitly specified, it is being set to 0.65
[2019-10-28 16:28:34.876] [jointLog] [info] Usage of --validateMappings, without --hardFilter implies use of range factorization. rangeFactorizationBins is being set to 4
[2019-10-28 16:28:34.876] [jointLog] [info] Usage of --validateMappings implies a default consensus slack of 0.2. Setting consensusSlack to 0.2.
[2019-10-28 16:28:34.876] [jointLog] [info] parsing read library format
[2019-10-28 16:28:34.876] [jointLog] [info] There is 1 library.
[2019-10-28 16:28:34.996] [jointLog] [info] Loading Quasi index
[2019-10-28 16:28:34.996] [jointLog] [info] Loading 32-bit quasi index
[2019-10-28 16:28:37.378] [jointLog] [info] done
[2019-10-28 16:28:37.378] [jointLog] [info] Index contained 52,718 targets
[2019-10-28 16:28:38.556] [jointLog] [info] Automatically detected most likely library type as ISR
[2019-10-28 16:30:38.435] [jointLog] [info] Thread saw mini-batch with a maximum of 1.28% zero probability fragments
[2019-10-28 16:30:38.442] [jointLog] [info] Thread saw mini-batch with a maximum of 1.36% zero probability fragments
[2019-10-28 16:30:38.465] [jointLog] [info] Thread saw mini-batch with a maximum of 1.28% zero probability fragments
[2019-10-28 16:30:38.477] [jointLog] [info] Thread saw mini-batch with a maximum of 1.32% zero probability fragments
[2019-10-28 16:30:38.526] [jointLog] [info] Thread saw mini-batch with a maximum of 1.34% zero probability fragments
[2019-10-28 16:30:38.539] [jointLog] [info] Thread saw mini-batch with a maximum of 1.48% zero probability fragments
[2019-10-28 16:30:38.582] [jointLog] [info] Thread saw mini-batch with a maximum of 1.34% zero probability fragments
[2019-10-28 16:30:38.613] [jointLog] [info] Thread saw mini-batch with a maximum of 1.34% zero probability fragments
[2019-10-28 16:30:38.711] [jointLog] [info] Computed 82,157 rich equivalence classes for further processing
[2019-10-28 16:30:38.711] [jointLog] [info] Counted 19,238,419 total reads in the equivalence classes 
[2019-10-28 16:30:38.729] [jointLog] [info] Number of mappings discarded because of alignment score : 666,467
[2019-10-28 16:30:38.729] [jointLog] [info] Number of fragments entirely discarded because of alignment score : 668,022
[2019-10-28 16:30:38.729] [jointLog] [info] Number of fragments discarded because they are best-mapped to decoys : 0
[2019-10-28 16:30:38.729] [jointLog] [info] Number of fragments discarded because they have only dovetail (discordant) mappings : 102,603
[2019-10-28 16:30:38.729] [jointLog] [info] Mapping rate = 85.1904%

[2019-10-28 16:30:38.729] [jointLog] [info] finished quantifyLibrary()
[2019-10-28 16:30:38.740] [jointLog] [info] Starting optimizer
[2019-10-28 16:30:38.904] [jointLog] [info] Marked 0 weighted equivalence classes as degenerate
[2019-10-28 16:30:38.907] [jointLog] [info] iteration = 0 | max rel diff. = 8868.7
[2019-10-28 16:30:38.939] [jointLog] [info] iteration 11, adjusting effective lengths to account for biases
[2019-10-28 16:30:38.712] [fileLog] [info] 
At end of round 0
==================
Observed 22582846 total fragments (22582846 in most recent round)

[2019-10-28 16:31:03.301] [jointLog] [info] Computed expected counts (for bias correction)
[2019-10-28 16:31:03.302] [jointLog] [info] processed bias for 0.0% of the transcripts
[2019-10-28 16:31:05.616] [jointLog] [info] processed bias for 10.0% of the transcripts
[2019-10-28 16:31:07.939] [jointLog] [info] processed bias for 20.0% of the transcripts
[2019-10-28 16:31:10.251] [jointLog] [info] processed bias for 30.0% of the transcripts
[2019-10-28 16:31:12.532] [jointLog] [info] processed bias for 40.0% of the transcripts
[2019-10-28 16:31:14.694] [jointLog] [info] processed bias for 50.0% of the transcripts
[2019-10-28 16:31:16.883] [jointLog] [info] processed bias for 60.0% of the transcripts
[2019-10-28 16:31:19.193] [jointLog] [info] processed bias for 70.0% of the transcripts
[2019-10-28 16:31:21.495] [jointLog] [info] processed bias for 80.0% of the transcripts
[2019-10-28 16:31:23.782] [jointLog] [info] processed bias for 100.0% of the transcripts
[2019-10-28 16:31:24.069] [jointLog] [info] iteration = 100 | max rel diff. = 19.2574
[2019-10-28 16:31:24.388] [jointLog] [info] iteration = 200 | max rel diff. = 18.8165
[2019-10-28 16:31:24.709] [jointLog] [info] iteration = 300 | max rel diff. = 14.9036
[2019-10-28 16:31:25.028] [jointLog] [info] iteration = 400 | max rel diff. = 13.9115
[2019-10-28 16:31:25.348] [jointLog] [info] iteration = 500 | max rel diff. = 19.4921
[2019-10-28 16:31:25.666] [jointLog] [info] iteration = 600 | max rel diff. = 13.7798
[2019-10-28 16:31:25.986] [jointLog] [info] iteration = 700 | max rel diff. = 16.1702
[2019-10-28 16:31:26.305] [jointLog] [info] iteration = 800 | max rel diff. = 14.4178
[2019-10-28 16:31:26.625] [jointLog] [info] iteration = 900 | max rel diff. = 18.4251
[2019-10-28 16:31:26.951] [jointLog] [info] iteration = 1,000 | max rel diff. = 7.17427
[2019-10-28 16:31:27.272] [jointLog] [info] iteration = 1,100 | max rel diff. = 1.61639
[2019-10-28 16:31:27.589] [jointLog] [info] iteration = 1,200 | max rel diff. = 5.38804
[2019-10-28 16:31:27.909] [jointLog] [info] iteration = 1,300 | max rel diff. = 8.48583
[2019-10-28 16:31:28.229] [jointLog] [info] iteration = 1,400 | max rel diff. = 8.60721
[2019-10-28 16:31:28.549] [jointLog] [info] iteration = 1,500 | max rel diff. = 17.2175
[2019-10-28 16:31:28.868] [jointLog] [info] iteration = 1,600 | max rel diff. = 0.713614
[2019-10-28 16:31:29.187] [jointLog] [info] iteration = 1,700 | max rel diff. = 0.566634
[2019-10-28 16:31:29.504] [jointLog] [info] iteration = 1,800 | max rel diff. = 0.629706
[2019-10-28 16:31:29.824] [jointLog] [info] iteration = 1,900 | max rel diff. = 0.185723
[2019-10-28 16:31:30.144] [jointLog] [info] iteration = 2,000 | max rel diff. = 0.269881
[2019-10-28 16:31:30.461] [jointLog] [info] iteration = 2,100 | max rel diff. = 18.2265
[2019-10-28 16:31:30.780] [jointLog] [info] iteration = 2,200 | max rel diff. = 1.0139
[2019-10-28 16:31:31.099] [jointLog] [info] iteration = 2,300 | max rel diff. = 0.128365
[2019-10-28 16:31:31.418] [jointLog] [info] iteration = 2,400 | max rel diff. = 0.157192
[2019-10-28 16:31:31.738] [jointLog] [info] iteration = 2,500 | max rel diff. = 0.616502
[2019-10-28 16:31:32.058] [jointLog] [info] iteration = 2,600 | max rel diff. = 0.163075
[2019-10-28 16:31:32.383] [jointLog] [info] iteration = 2,700 | max rel diff. = 10.8296
[2019-10-28 16:31:32.703] [jointLog] [info] iteration = 2,800 | max rel diff. = 0.0823216
[2019-10-28 16:31:33.020] [jointLog] [info] iteration = 2,900 | max rel diff. = 0.178529
[2019-10-28 16:31:33.340] [jointLog] [info] iteration = 3,000 | max rel diff. = 0.0511743
[2019-10-28 16:31:33.662] [jointLog] [info] iteration = 3,100 | max rel diff. = 1.02628
[2019-10-28 16:31:33.983] [jointLog] [info] iteration = 3,200 | max rel diff. = 0.088196
[2019-10-28 16:31:34.302] [jointLog] [info] iteration = 3,300 | max rel diff. = 0.12287
[2019-10-28 16:31:34.620] [jointLog] [info] iteration = 3,400 | max rel diff. = 1.21613
[2019-10-28 16:31:34.940] [jointLog] [info] iteration = 3,500 | max rel diff. = 0.06558
[2019-10-28 16:31:35.262] [jointLog] [info] iteration = 3,600 | max rel diff. = 0.958831
[2019-10-28 16:31:35.584] [jointLog] [info] iteration = 3,700 | max rel diff. = 0.613689
[2019-10-28 16:31:35.903] [jointLog] [info] iteration = 3,800 | max rel diff. = 0.0120601
[2019-10-28 16:31:36.224] [jointLog] [info] iteration = 3,900 | max rel diff. = 0.652533
[2019-10-28 16:31:36.542] [jointLog] [info] iteration = 4,000 | max rel diff. = 0.0982621
[2019-10-28 16:31:36.862] [jointLog] [info] iteration = 4,100 | max rel diff. = 0.0228539
[2019-10-28 16:31:37.010] [jointLog] [info] iteration = 4,146 | max rel diff. = 0.00998325
[2019-10-28 16:31:37.012] [jointLog] [info] Finished optimizer
[2019-10-28 16:31:37.012] [jointLog] [info] writing output 

[2019-10-28 16:31:37.143] [jointLog] [info] Starting Bootstrapping
[2019-10-28 16:31:37.188] [jointLog] [info] Will draw 100 bootstrap samples
[2019-10-28 16:31:37.188] [jointLog] [info] Optimizing over 82,157 equivalence classes
[2019-10-28 16:31:37.198] [jointLog] [info] Marked 0 weighted equivalence classes as degenerate
[2019-10-28 16:32:25.294] [jointLog] [info] wrote 1 bootstraps
[2019-10-28 16:32:25.700] [jointLog] [info] wrote 2 bootstraps
[2019-10-28 16:32:26.716] [jointLog] [info] wrote 3 bootstraps
[2019-10-28 16:32:28.383] [jointLog] [info] wrote 4 bootstraps
[2019-10-28 16:32:30.765] [jointLog] [info] wrote 5 bootstraps
[2019-10-28 16:32:30.787] [jointLog] [info] wrote 6 bootstraps
[2019-10-28 16:32:38.584] [jointLog] [info] wrote 7 bootstraps
[2019-10-28 16:33:12.939] [jointLog] [info] wrote 8 bootstraps
[2019-10-28 16:33:16.899] [jointLog] [info] wrote 9 bootstraps
[2019-10-28 16:33:16.964] [jointLog] [info] wrote 10 bootstraps
[2019-10-28 16:33:19.686] [jointLog] [info] wrote 11 bootstraps
[2019-10-28 16:33:20.258] [jointLog] [info] wrote 12 bootstraps
[2019-10-28 16:33:21.598] [jointLog] [info] wrote 13 bootstraps
[2019-10-28 16:33:22.890] [jointLog] [info] wrote 14 bootstraps
[2019-10-28 16:34:01.204] [jointLog] [info] wrote 15 bootstraps
[2019-10-28 16:34:06.576] [jointLog] [info] wrote 16 bootstraps
[2019-10-28 16:34:08.331] [jointLog] [info] wrote 17 bootstraps
[2019-10-28 16:34:13.989] [jointLog] [info] wrote 18 bootstraps
[2019-10-28 16:34:15.756] [jointLog] [info] wrote 19 bootstraps
[2019-10-28 16:34:16.752] [jointLog] [info] wrote 20 bootstraps
[2019-10-28 16:34:19.879] [jointLog] [info] wrote 21 bootstraps
[2019-10-28 16:34:57.059] [jointLog] [info] wrote 22 bootstraps
[2019-10-28 16:34:57.156] [jointLog] [info] wrote 23 bootstraps
[2019-10-28 16:34:57.525] [jointLog] [info] wrote 24 bootstraps
[2019-10-28 16:35:04.776] [jointLog] [info] wrote 25 bootstraps
[2019-10-28 16:35:05.701] [jointLog] [info] wrote 26 bootstraps
[2019-10-28 16:35:11.313] [jointLog] [info] wrote 27 bootstraps
[2019-10-28 16:35:15.946] [jointLog] [info] wrote 28 bootstraps
[2019-10-28 16:35:46.955] [jointLog] [info] wrote 29 bootstraps
[2019-10-28 16:35:49.726] [jointLog] [info] wrote 30 bootstraps
[2019-10-28 16:35:55.067] [jointLog] [info] wrote 31 bootstraps
[2019-10-28 16:35:56.134] [jointLog] [info] wrote 32 bootstraps
[2019-10-28 16:35:59.162] [jointLog] [info] wrote 33 bootstraps
[2019-10-28 16:36:02.107] [jointLog] [info] wrote 34 bootstraps
[2019-10-28 16:36:08.064] [jointLog] [info] wrote 35 bootstraps
[2019-10-28 16:36:40.458] [jointLog] [info] wrote 36 bootstraps
[2019-10-28 16:36:41.261] [jointLog] [info] wrote 37 bootstraps
[2019-10-28 16:36:43.387] [jointLog] [info] wrote 38 bootstraps
[2019-10-28 16:36:44.455] [jointLog] [info] wrote 39 bootstraps
[2019-10-28 16:36:46.525] [jointLog] [info] wrote 40 bootstraps
[2019-10-28 16:36:53.123] [jointLog] [info] wrote 41 bootstraps
[2019-10-28 16:37:04.577] [jointLog] [info] wrote 42 bootstraps
[2019-10-28 16:37:26.868] [jointLog] [info] wrote 43 bootstraps
[2019-10-28 16:37:28.759] [jointLog] [info] wrote 44 bootstraps
[2019-10-28 16:37:36.702] [jointLog] [info] wrote 45 bootstraps
[2019-10-28 16:37:36.777] [jointLog] [info] wrote 46 bootstraps
[2019-10-28 16:37:44.143] [jointLog] [info] wrote 47 bootstraps
[2019-10-28 16:37:45.829] [jointLog] [info] wrote 48 bootstraps
[2019-10-28 16:37:52.488] [jointLog] [info] wrote 49 bootstraps
[2019-10-28 16:38:08.885] [jointLog] [info] wrote 50 bootstraps
[2019-10-28 16:38:20.556] [jointLog] [info] wrote 51 bootstraps
[2019-10-28 16:38:24.466] [jointLog] [info] wrote 52 bootstraps
[2019-10-28 16:38:25.074] [jointLog] [info] wrote 53 bootstraps
[2019-10-28 16:38:25.248] [jointLog] [info] wrote 54 bootstraps
[2019-10-28 16:38:26.362] [jointLog] [info] wrote 55 bootstraps
[2019-10-28 16:38:36.030] [jointLog] [info] wrote 56 bootstraps
[2019-10-28 16:38:53.238] [jointLog] [info] wrote 57 bootstraps
[2019-10-28 16:39:06.799] [jointLog] [info] wrote 58 bootstraps
[2019-10-28 16:39:08.656] [jointLog] [info] wrote 59 bootstraps
[2019-10-28 16:39:14.102] [jointLog] [info] wrote 60 bootstraps
[2019-10-28 16:39:14.526] [jointLog] [info] wrote 61 bootstraps
[2019-10-28 16:39:27.142] [jointLog] [info] wrote 62 bootstraps
[2019-10-28 16:39:30.840] [jointLog] [info] wrote 63 bootstraps
[2019-10-28 16:39:41.771] [jointLog] [info] wrote 64 bootstraps
[2019-10-28 16:40:00.901] [jointLog] [info] wrote 65 bootstraps
[2019-10-28 16:40:06.298] [jointLog] [info] wrote 66 bootstraps
[2019-10-28 16:40:06.688] [jointLog] [info] wrote 67 bootstraps
[2019-10-28 16:40:13.159] [jointLog] [info] wrote 68 bootstraps
[2019-10-28 16:40:15.698] [jointLog] [info] wrote 69 bootstraps
[2019-10-28 16:40:23.967] [jointLog] [info] wrote 70 bootstraps
[2019-10-28 16:40:35.396] [jointLog] [info] wrote 71 bootstraps
[2019-10-28 16:40:54.559] [jointLog] [info] wrote 72 bootstraps
[2019-10-28 16:41:00.541] [jointLog] [info] wrote 73 bootstraps
[2019-10-28 16:41:01.145] [jointLog] [info] wrote 74 bootstraps
[2019-10-28 16:41:01.926] [jointLog] [info] wrote 75 bootstraps
[2019-10-28 16:41:09.069] [jointLog] [info] wrote 76 bootstraps
[2019-10-28 16:41:18.670] [jointLog] [info] wrote 77 bootstraps
[2019-10-28 16:41:19.584] [jointLog] [info] wrote 78 bootstraps
[2019-10-28 16:41:38.441] [jointLog] [info] wrote 79 bootstraps
[2019-10-28 16:41:52.343] [jointLog] [info] wrote 80 bootstraps
[2019-10-28 16:41:58.036] [jointLog] [info] wrote 81 bootstraps
[2019-10-28 16:41:59.594] [jointLog] [info] wrote 82 bootstraps
[2019-10-28 16:42:00.405] [jointLog] [info] wrote 83 bootstraps
[2019-10-28 16:42:02.582] [jointLog] [info] wrote 84 bootstraps
[2019-10-28 16:42:09.205] [jointLog] [info] wrote 85 bootstraps
[2019-10-28 16:42:31.619] [jointLog] [info] wrote 86 bootstraps
[2019-10-28 16:42:38.945] [jointLog] [info] wrote 87 bootstraps
[2019-10-28 16:42:45.086] [jointLog] [info] wrote 88 bootstraps
[2019-10-28 16:42:50.138] [jointLog] [info] wrote 89 bootstraps
[2019-10-28 16:42:55.362] [jointLog] [info] wrote 90 bootstraps
[2019-10-28 16:42:59.646] [jointLog] [info] wrote 91 bootstraps
[2019-10-28 16:43:06.304] [jointLog] [info] wrote 92 bootstraps
[2019-10-28 16:43:20.459] [jointLog] [info] wrote 93 bootstraps
[2019-10-28 16:43:28.898] [jointLog] [info] wrote 94 bootstraps
[2019-10-28 16:43:35.375] [jointLog] [info] wrote 95 bootstraps
[2019-10-28 16:43:41.799] [jointLog] [info] wrote 96 bootstraps
[2019-10-28 16:43:44.985] [jointLog] [info] wrote 97 bootstraps
[2019-10-28 16:43:54.984] [jointLog] [info] wrote 98 bootstraps
[2019-10-28 16:43:57.268] [jointLog] [info] wrote 99 bootstraps
[2019-10-28 16:44:09.635] [jointLog] [info] wrote 100 bootstraps
[2019-10-28 16:44:09.640] [jointLog] [info] Finished Bootstrapping
