[2019-10-10 08:35:19.704] [jointLog] [info] Fragment incompatibility prior below threshold.  Incompatible fragments will be ignored.
[2019-10-10 08:35:19.704] [jointLog] [info] Usage of --validateMappings implies use of minScoreFraction. Since not explicitly specified, it is being set to 0.65
[2019-10-10 08:35:19.704] [jointLog] [info] Usage of --validateMappings, without --hardFilter implies use of range factorization. rangeFactorizationBins is being set to 4
[2019-10-10 08:35:19.704] [jointLog] [info] Usage of --validateMappings implies a default consensus slack of 0.2. Setting consensusSlack to 0.2.
[2019-10-10 08:35:19.704] [jointLog] [info] parsing read library format
[2019-10-10 08:35:19.704] [jointLog] [info] There is 1 library.
[2019-10-10 08:35:19.791] [jointLog] [info] Loading Quasi index
[2019-10-10 08:35:19.812] [jointLog] [info] Loading 32-bit quasi index
[2019-10-10 08:35:21.933] [jointLog] [info] done
[2019-10-10 08:35:21.933] [jointLog] [info] Index contained 52,719 targets
[2019-10-10 08:35:22.944] [jointLog] [info] Automatically detected most likely library type as ISR
[2019-10-10 08:36:54.246] [fileLog] [info] 
At end of round 0
==================
Observed 21377632 total fragments (21377632 in most recent round)

[2019-10-10 08:36:54.056] [jointLog] [info] Thread saw mini-batch with a maximum of 1.06% zero probability fragments
[2019-10-10 08:36:54.098] [jointLog] [info] Thread saw mini-batch with a maximum of 1.04% zero probability fragments
[2019-10-10 08:36:54.100] [jointLog] [info] Thread saw mini-batch with a maximum of 1.00% zero probability fragments
[2019-10-10 08:36:54.104] [jointLog] [info] Thread saw mini-batch with a maximum of 1.10% zero probability fragments
[2019-10-10 08:36:54.120] [jointLog] [info] Thread saw mini-batch with a maximum of 1.10% zero probability fragments
[2019-10-10 08:36:54.169] [jointLog] [info] Thread saw mini-batch with a maximum of 1.04% zero probability fragments
[2019-10-10 08:36:54.172] [jointLog] [info] Thread saw mini-batch with a maximum of 1.04% zero probability fragments
[2019-10-10 08:36:54.177] [jointLog] [info] Thread saw mini-batch with a maximum of 0.96% zero probability fragments
[2019-10-10 08:36:54.244] [jointLog] [info] Computed 80,120 rich equivalence classes for further processing
[2019-10-10 08:36:54.245] [jointLog] [info] Counted 18,464,416 total reads in the equivalence classes 
[2019-10-10 08:36:54.259] [jointLog] [info] Number of mappings discarded because of alignment score : 575,506
[2019-10-10 08:36:54.259] [jointLog] [info] Number of fragments entirely discarded because of alignment score : 577,061
[2019-10-10 08:36:54.259] [jointLog] [info] Number of fragments discarded because they are best-mapped to decoys : 0
[2019-10-10 08:36:54.259] [jointLog] [info] Number of fragments discarded because they have only dovetail (discordant) mappings : 80,299
[2019-10-10 08:36:54.259] [jointLog] [info] Mapping rate = 86.3726%

[2019-10-10 08:36:54.259] [jointLog] [info] finished quantifyLibrary()
[2019-10-10 08:36:54.268] [jointLog] [info] Starting optimizer
[2019-10-10 08:36:54.421] [jointLog] [info] Marked 0 weighted equivalence classes as degenerate
[2019-10-10 08:36:54.423] [jointLog] [info] iteration = 0 | max rel diff. = 21948.6
[2019-10-10 08:36:54.450] [jointLog] [info] iteration 11, adjusting effective lengths to account for biases
[2019-10-10 08:37:08.585] [jointLog] [info] Computed expected counts (for bias correction)
[2019-10-10 08:37:08.585] [jointLog] [info] processed bias for 0.0% of the transcripts
[2019-10-10 08:37:10.415] [jointLog] [info] processed bias for 10.0% of the transcripts
[2019-10-10 08:37:12.225] [jointLog] [info] processed bias for 20.0% of the transcripts
[2019-10-10 08:37:14.068] [jointLog] [info] processed bias for 30.0% of the transcripts
[2019-10-10 08:37:15.856] [jointLog] [info] processed bias for 40.0% of the transcripts
[2019-10-10 08:37:17.564] [jointLog] [info] processed bias for 50.0% of the transcripts
[2019-10-10 08:37:19.328] [jointLog] [info] processed bias for 60.0% of the transcripts
[2019-10-10 08:37:21.089] [jointLog] [info] processed bias for 70.0% of the transcripts
[2019-10-10 08:37:22.920] [jointLog] [info] processed bias for 80.0% of the transcripts
[2019-10-10 08:37:24.457] [jointLog] [info] processed bias for 100.0% of the transcripts
[2019-10-10 08:37:24.704] [jointLog] [info] iteration = 100 | max rel diff. = 20.1369
[2019-10-10 08:37:24.978] [jointLog] [info] iteration = 200 | max rel diff. = 18.7591
[2019-10-10 08:37:25.253] [jointLog] [info] iteration = 300 | max rel diff. = 13.3111
[2019-10-10 08:37:25.528] [jointLog] [info] iteration = 400 | max rel diff. = 16.4963
[2019-10-10 08:37:25.802] [jointLog] [info] iteration = 500 | max rel diff. = 8.45789
[2019-10-10 08:37:26.076] [jointLog] [info] iteration = 600 | max rel diff. = 4.57466
[2019-10-10 08:37:26.350] [jointLog] [info] iteration = 700 | max rel diff. = 2.18183
[2019-10-10 08:37:26.623] [jointLog] [info] iteration = 800 | max rel diff. = 4.61848
[2019-10-10 08:37:26.897] [jointLog] [info] iteration = 900 | max rel diff. = 12.5541
[2019-10-10 08:37:27.170] [jointLog] [info] iteration = 1,000 | max rel diff. = 2.60615
[2019-10-10 08:37:27.443] [jointLog] [info] iteration = 1,100 | max rel diff. = 4.30572
[2019-10-10 08:37:27.716] [jointLog] [info] iteration = 1,200 | max rel diff. = 4.21004
[2019-10-10 08:37:27.989] [jointLog] [info] iteration = 1,300 | max rel diff. = 0.829283
[2019-10-10 08:37:28.262] [jointLog] [info] iteration = 1,400 | max rel diff. = 6.46605
[2019-10-10 08:37:28.535] [jointLog] [info] iteration = 1,500 | max rel diff. = 1.39934
[2019-10-10 08:37:28.808] [jointLog] [info] iteration = 1,600 | max rel diff. = 7.99455
[2019-10-10 08:37:29.080] [jointLog] [info] iteration = 1,700 | max rel diff. = 15.6229
[2019-10-10 08:37:29.353] [jointLog] [info] iteration = 1,800 | max rel diff. = 0.547777
[2019-10-10 08:37:29.626] [jointLog] [info] iteration = 1,900 | max rel diff. = 2.92458
[2019-10-10 08:37:29.898] [jointLog] [info] iteration = 2,000 | max rel diff. = 1.00305
[2019-10-10 08:37:30.171] [jointLog] [info] iteration = 2,100 | max rel diff. = 1.59535
[2019-10-10 08:37:30.443] [jointLog] [info] iteration = 2,200 | max rel diff. = 0.726401
[2019-10-10 08:37:30.716] [jointLog] [info] iteration = 2,300 | max rel diff. = 0.372784
[2019-10-10 08:37:30.988] [jointLog] [info] iteration = 2,400 | max rel diff. = 0.0466377
[2019-10-10 08:37:31.260] [jointLog] [info] iteration = 2,500 | max rel diff. = 0.262367
[2019-10-10 08:37:31.533] [jointLog] [info] iteration = 2,600 | max rel diff. = 0.713788
[2019-10-10 08:37:31.806] [jointLog] [info] iteration = 2,700 | max rel diff. = 0.55813
[2019-10-10 08:37:32.078] [jointLog] [info] iteration = 2,800 | max rel diff. = 0.185744
[2019-10-10 08:37:32.350] [jointLog] [info] iteration = 2,900 | max rel diff. = 1.4785
[2019-10-10 08:37:32.623] [jointLog] [info] iteration = 3,000 | max rel diff. = 0.0360353
[2019-10-10 08:37:32.895] [jointLog] [info] iteration = 3,100 | max rel diff. = 0.0718346
[2019-10-10 08:37:33.167] [jointLog] [info] iteration = 3,200 | max rel diff. = 0.122075
[2019-10-10 08:37:33.440] [jointLog] [info] iteration = 3,300 | max rel diff. = 0.697927
[2019-10-10 08:37:33.712] [jointLog] [info] iteration = 3,400 | max rel diff. = 0.0780921
[2019-10-10 08:37:33.984] [jointLog] [info] iteration = 3,500 | max rel diff. = 0.118146
[2019-10-10 08:37:34.257] [jointLog] [info] iteration = 3,600 | max rel diff. = 0.0191715
[2019-10-10 08:37:34.529] [jointLog] [info] iteration = 3,700 | max rel diff. = 0.272213
[2019-10-10 08:37:34.801] [jointLog] [info] iteration = 3,800 | max rel diff. = 0.0271753
[2019-10-10 08:37:35.074] [jointLog] [info] iteration = 3,900 | max rel diff. = 0.135527
[2019-10-10 08:37:35.346] [jointLog] [info] iteration = 4,000 | max rel diff. = 0.056477
[2019-10-10 08:37:35.618] [jointLog] [info] iteration = 4,100 | max rel diff. = 0.210412
[2019-10-10 08:37:35.890] [jointLog] [info] iteration = 4,200 | max rel diff. = 0.0270111
[2019-10-10 08:37:36.162] [jointLog] [info] iteration = 4,300 | max rel diff. = 0.032151
[2019-10-10 08:37:36.435] [jointLog] [info] iteration = 4,400 | max rel diff. = 0.0393505
[2019-10-10 08:37:36.606] [jointLog] [info] iteration = 4,464 | max rel diff. = 0.0098635
[2019-10-10 08:37:36.608] [jointLog] [info] Finished optimizer
[2019-10-10 08:37:36.608] [jointLog] [info] writing output 

[2019-10-10 08:37:36.751] [jointLog] [info] Starting Bootstrapping
[2019-10-10 08:37:36.771] [jointLog] [info] Will draw 100 bootstrap samples
[2019-10-10 08:37:36.771] [jointLog] [info] Optimizing over 80,120 equivalence classes
[2019-10-10 08:37:36.777] [jointLog] [info] Marked 0 weighted equivalence classes as degenerate
[2019-10-10 08:38:05.201] [jointLog] [info] wrote 1 bootstraps
[2019-10-10 08:38:07.114] [jointLog] [info] wrote 2 bootstraps
[2019-10-10 08:38:07.705] [jointLog] [info] wrote 3 bootstraps
[2019-10-10 08:38:09.767] [jointLog] [info] wrote 4 bootstraps
[2019-10-10 08:38:11.401] [jointLog] [info] wrote 5 bootstraps
[2019-10-10 08:38:16.563] [jointLog] [info] wrote 6 bootstraps
[2019-10-10 08:38:16.671] [jointLog] [info] wrote 7 bootstraps
[2019-10-10 08:38:41.566] [jointLog] [info] wrote 8 bootstraps
[2019-10-10 08:38:43.871] [jointLog] [info] wrote 9 bootstraps
[2019-10-10 08:38:44.250] [jointLog] [info] wrote 10 bootstraps
[2019-10-10 08:38:44.833] [jointLog] [info] wrote 11 bootstraps
[2019-10-10 08:38:45.708] [jointLog] [info] wrote 12 bootstraps
[2019-10-10 08:38:47.961] [jointLog] [info] wrote 13 bootstraps
[2019-10-10 08:38:50.446] [jointLog] [info] wrote 14 bootstraps
[2019-10-10 08:39:19.568] [jointLog] [info] wrote 15 bootstraps
[2019-10-10 08:39:20.488] [jointLog] [info] wrote 16 bootstraps
[2019-10-10 08:39:22.300] [jointLog] [info] wrote 17 bootstraps
[2019-10-10 08:39:22.672] [jointLog] [info] wrote 18 bootstraps
[2019-10-10 08:39:23.260] [jointLog] [info] wrote 19 bootstraps
[2019-10-10 08:39:27.299] [jointLog] [info] wrote 20 bootstraps
[2019-10-10 08:39:27.671] [jointLog] [info] wrote 21 bootstraps
[2019-10-10 08:39:52.501] [jointLog] [info] wrote 22 bootstraps
[2019-10-10 08:39:52.719] [jointLog] [info] wrote 23 bootstraps
[2019-10-10 08:39:55.402] [jointLog] [info] wrote 24 bootstraps
[2019-10-10 08:40:00.096] [jointLog] [info] wrote 25 bootstraps
[2019-10-10 08:40:00.341] [jointLog] [info] wrote 26 bootstraps
[2019-10-10 08:40:00.632] [jointLog] [info] wrote 27 bootstraps
[2019-10-10 08:40:02.314] [jointLog] [info] wrote 28 bootstraps
[2019-10-10 08:40:25.902] [jointLog] [info] wrote 29 bootstraps
[2019-10-10 08:40:27.441] [jointLog] [info] wrote 30 bootstraps
[2019-10-10 08:40:32.627] [jointLog] [info] wrote 31 bootstraps
[2019-10-10 08:40:33.551] [jointLog] [info] wrote 32 bootstraps
[2019-10-10 08:40:34.313] [jointLog] [info] wrote 33 bootstraps
[2019-10-10 08:40:35.632] [jointLog] [info] wrote 34 bootstraps
[2019-10-10 08:40:36.626] [jointLog] [info] wrote 35 bootstraps
[2019-10-10 08:41:02.609] [jointLog] [info] wrote 36 bootstraps
[2019-10-10 08:41:05.593] [jointLog] [info] wrote 37 bootstraps
[2019-10-10 08:41:05.867] [jointLog] [info] wrote 38 bootstraps
[2019-10-10 08:41:07.729] [jointLog] [info] wrote 39 bootstraps
[2019-10-10 08:41:08.668] [jointLog] [info] wrote 40 bootstraps
[2019-10-10 08:41:13.537] [jointLog] [info] wrote 41 bootstraps
[2019-10-10 08:41:15.921] [jointLog] [info] wrote 42 bootstraps
[2019-10-10 08:41:34.670] [jointLog] [info] wrote 43 bootstraps
[2019-10-10 08:41:35.923] [jointLog] [info] wrote 44 bootstraps
[2019-10-10 08:41:37.286] [jointLog] [info] wrote 45 bootstraps
[2019-10-10 08:41:40.992] [jointLog] [info] wrote 46 bootstraps
[2019-10-10 08:41:41.284] [jointLog] [info] wrote 47 bootstraps
[2019-10-10 08:41:46.853] [jointLog] [info] wrote 48 bootstraps
[2019-10-10 08:41:59.213] [jointLog] [info] wrote 49 bootstraps
[2019-10-10 08:42:06.297] [jointLog] [info] wrote 50 bootstraps
[2019-10-10 08:42:11.196] [jointLog] [info] wrote 51 bootstraps
[2019-10-10 08:42:13.874] [jointLog] [info] wrote 52 bootstraps
[2019-10-10 08:42:16.366] [jointLog] [info] wrote 53 bootstraps
[2019-10-10 08:42:19.001] [jointLog] [info] wrote 54 bootstraps
[2019-10-10 08:42:19.142] [jointLog] [info] wrote 55 bootstraps
[2019-10-10 08:42:27.315] [jointLog] [info] wrote 56 bootstraps
[2019-10-10 08:42:40.165] [jointLog] [info] wrote 57 bootstraps
[2019-10-10 08:42:47.068] [jointLog] [info] wrote 58 bootstraps
[2019-10-10 08:42:47.293] [jointLog] [info] wrote 59 bootstraps
[2019-10-10 08:42:47.457] [jointLog] [info] wrote 60 bootstraps
[2019-10-10 08:42:48.291] [jointLog] [info] wrote 61 bootstraps
[2019-10-10 08:42:51.426] [jointLog] [info] wrote 62 bootstraps
[2019-10-10 08:42:57.101] [jointLog] [info] wrote 63 bootstraps
[2019-10-10 08:43:18.027] [jointLog] [info] wrote 64 bootstraps
[2019-10-10 08:43:21.334] [jointLog] [info] wrote 65 bootstraps
[2019-10-10 08:43:23.558] [jointLog] [info] wrote 66 bootstraps
[2019-10-10 08:43:24.113] [jointLog] [info] wrote 67 bootstraps
[2019-10-10 08:43:27.468] [jointLog] [info] wrote 68 bootstraps
[2019-10-10 08:43:28.105] [jointLog] [info] wrote 69 bootstraps
[2019-10-10 08:43:30.974] [jointLog] [info] wrote 70 bootstraps
[2019-10-10 08:43:50.199] [jointLog] [info] wrote 71 bootstraps
[2019-10-10 08:44:01.112] [jointLog] [info] wrote 72 bootstraps
[2019-10-10 08:44:02.574] [jointLog] [info] wrote 73 bootstraps
[2019-10-10 08:44:06.241] [jointLog] [info] wrote 74 bootstraps
[2019-10-10 08:44:06.610] [jointLog] [info] wrote 75 bootstraps
[2019-10-10 08:44:07.058] [jointLog] [info] wrote 76 bootstraps
[2019-10-10 08:44:09.771] [jointLog] [info] wrote 77 bootstraps
[2019-10-10 08:44:27.947] [jointLog] [info] wrote 78 bootstraps
[2019-10-10 08:44:35.379] [jointLog] [info] wrote 79 bootstraps
[2019-10-10 08:44:39.084] [jointLog] [info] wrote 80 bootstraps
[2019-10-10 08:44:41.995] [jointLog] [info] wrote 81 bootstraps
[2019-10-10 08:44:44.373] [jointLog] [info] wrote 82 bootstraps
[2019-10-10 08:44:45.477] [jointLog] [info] wrote 83 bootstraps
[2019-10-10 08:44:46.094] [jointLog] [info] wrote 84 bootstraps
[2019-10-10 08:44:59.616] [jointLog] [info] wrote 85 bootstraps
[2019-10-10 08:45:07.196] [jointLog] [info] wrote 86 bootstraps
[2019-10-10 08:45:18.003] [jointLog] [info] wrote 87 bootstraps
[2019-10-10 08:45:20.743] [jointLog] [info] wrote 88 bootstraps
[2019-10-10 08:45:24.736] [jointLog] [info] wrote 89 bootstraps
[2019-10-10 08:45:24.861] [jointLog] [info] wrote 90 bootstraps
[2019-10-10 08:45:24.882] [jointLog] [info] wrote 91 bootstraps
[2019-10-10 08:45:34.194] [jointLog] [info] wrote 92 bootstraps
[2019-10-10 08:45:45.276] [jointLog] [info] wrote 93 bootstraps
[2019-10-10 08:45:48.976] [jointLog] [info] wrote 94 bootstraps
[2019-10-10 08:45:52.203] [jointLog] [info] wrote 95 bootstraps
[2019-10-10 08:45:54.233] [jointLog] [info] wrote 96 bootstraps
[2019-10-10 08:45:56.550] [jointLog] [info] wrote 97 bootstraps
[2019-10-10 08:46:03.996] [jointLog] [info] wrote 98 bootstraps
[2019-10-10 08:46:14.433] [jointLog] [info] wrote 99 bootstraps
[2019-10-10 08:46:19.103] [jointLog] [info] wrote 100 bootstraps
[2019-10-10 08:46:19.108] [jointLog] [info] Finished Bootstrapping
