[2019-10-10 11:46:42.976] [jointLog] [info] Fragment incompatibility prior below threshold.  Incompatible fragments will be ignored.
[2019-10-10 11:46:42.976] [jointLog] [info] Usage of --validateMappings implies use of minScoreFraction. Since not explicitly specified, it is being set to 0.65
[2019-10-10 11:46:42.976] [jointLog] [info] Usage of --validateMappings, without --hardFilter implies use of range factorization. rangeFactorizationBins is being set to 4
[2019-10-10 11:46:42.976] [jointLog] [info] Usage of --validateMappings implies a default consensus slack of 0.2. Setting consensusSlack to 0.2.
[2019-10-10 11:46:42.976] [jointLog] [info] parsing read library format
[2019-10-10 11:46:42.976] [jointLog] [info] There is 1 library.
[2019-10-10 11:46:43.043] [jointLog] [info] Loading Quasi index
[2019-10-10 11:46:43.043] [jointLog] [info] Loading 32-bit quasi index
[2019-10-10 11:46:45.383] [jointLog] [info] done
[2019-10-10 11:46:45.383] [jointLog] [info] Index contained 52,719 targets
[2019-10-10 11:46:46.567] [jointLog] [info] Automatically detected most likely library type as ISR
[2019-10-10 11:48:47.982] [jointLog] [info] Thread saw mini-batch with a maximum of 1.38% zero probability fragments
[2019-10-10 11:48:47.992] [jointLog] [info] Thread saw mini-batch with a maximum of 1.14% zero probability fragments
[2019-10-10 11:48:48.056] [jointLog] [info] Thread saw mini-batch with a maximum of 1.20% zero probability fragments
[2019-10-10 11:48:48.056] [jointLog] [info] Thread saw mini-batch with a maximum of 1.18% zero probability fragments
[2019-10-10 11:48:48.058] [jointLog] [info] Thread saw mini-batch with a maximum of 1.24% zero probability fragments
[2019-10-10 11:48:48.080] [jointLog] [info] Thread saw mini-batch with a maximum of 1.26% zero probability fragments
[2019-10-10 11:48:48.125] [jointLog] [info] Thread saw mini-batch with a maximum of 1.28% zero probability fragments
[2019-10-10 11:48:48.143] [jointLog] [info] Thread saw mini-batch with a maximum of 1.22% zero probability fragments
[2019-10-10 11:48:48.220] [jointLog] [info] Computed 85,580 rich equivalence classes for further processing
[2019-10-10 11:48:48.220] [jointLog] [info] Counted 23,732,102 total reads in the equivalence classes 
[2019-10-10 11:48:48.235] [jointLog] [info] Number of mappings discarded because of alignment score : 771,316
[2019-10-10 11:48:48.235] [jointLog] [info] Number of fragments entirely discarded because of alignment score : 769,072
[2019-10-10 11:48:48.235] [jointLog] [info] Number of fragments discarded because they are best-mapped to decoys : 0
[2019-10-10 11:48:48.235] [jointLog] [info] Number of fragments discarded because they have only dovetail (discordant) mappings : 110,268
[2019-10-10 11:48:48.235] [jointLog] [info] Mapping rate = 85.8166%

[2019-10-10 11:48:48.235] [jointLog] [info] finished quantifyLibrary()
[2019-10-10 11:48:48.236] [jointLog] [info] Starting optimizer
[2019-10-10 11:48:48.259] [jointLog] [info] Marked 0 weighted equivalence classes as degenerate
[2019-10-10 11:48:48.262] [jointLog] [info] iteration = 0 | max rel diff. = 18616.2
[2019-10-10 11:48:48.290] [jointLog] [info] iteration 11, adjusting effective lengths to account for biases
[2019-10-10 11:48:48.222] [fileLog] [info] 
At end of round 0
==================
Observed 27654445 total fragments (27654445 in most recent round)

[2019-10-10 11:49:02.737] [jointLog] [info] Computed expected counts (for bias correction)
[2019-10-10 11:49:02.737] [jointLog] [info] processed bias for 0.0% of the transcripts
[2019-10-10 11:49:04.451] [jointLog] [info] processed bias for 10.0% of the transcripts
[2019-10-10 11:49:06.142] [jointLog] [info] processed bias for 20.0% of the transcripts
[2019-10-10 11:49:07.863] [jointLog] [info] processed bias for 30.0% of the transcripts
[2019-10-10 11:49:09.754] [jointLog] [info] processed bias for 40.0% of the transcripts
[2019-10-10 11:49:11.535] [jointLog] [info] processed bias for 50.0% of the transcripts
[2019-10-10 11:49:13.422] [jointLog] [info] processed bias for 60.0% of the transcripts
[2019-10-10 11:49:15.187] [jointLog] [info] processed bias for 70.0% of the transcripts
[2019-10-10 11:49:17.079] [jointLog] [info] processed bias for 80.0% of the transcripts
[2019-10-10 11:49:18.941] [jointLog] [info] processed bias for 100.0% of the transcripts
[2019-10-10 11:49:19.200] [jointLog] [info] iteration = 100 | max rel diff. = 18.1069
[2019-10-10 11:49:19.492] [jointLog] [info] iteration = 200 | max rel diff. = 17.892
[2019-10-10 11:49:19.787] [jointLog] [info] iteration = 300 | max rel diff. = 15.5028
[2019-10-10 11:49:20.095] [jointLog] [info] iteration = 400 | max rel diff. = 17.8119
[2019-10-10 11:49:20.395] [jointLog] [info] iteration = 500 | max rel diff. = 17.0854
[2019-10-10 11:49:20.685] [jointLog] [info] iteration = 600 | max rel diff. = 18.138
[2019-10-10 11:49:20.974] [jointLog] [info] iteration = 700 | max rel diff. = 1.4729
[2019-10-10 11:49:21.264] [jointLog] [info] iteration = 800 | max rel diff. = 4.64583
[2019-10-10 11:49:21.553] [jointLog] [info] iteration = 900 | max rel diff. = 2.33017
[2019-10-10 11:49:21.842] [jointLog] [info] iteration = 1,000 | max rel diff. = 6.86969
[2019-10-10 11:49:22.131] [jointLog] [info] iteration = 1,100 | max rel diff. = 0.55106
[2019-10-10 11:49:22.420] [jointLog] [info] iteration = 1,200 | max rel diff. = 6.70855
[2019-10-10 11:49:22.713] [jointLog] [info] iteration = 1,300 | max rel diff. = 2.10636
[2019-10-10 11:49:23.002] [jointLog] [info] iteration = 1,400 | max rel diff. = 8.53454
[2019-10-10 11:49:23.291] [jointLog] [info] iteration = 1,500 | max rel diff. = 12.4364
[2019-10-10 11:49:23.579] [jointLog] [info] iteration = 1,600 | max rel diff. = 0.645949
[2019-10-10 11:49:23.868] [jointLog] [info] iteration = 1,700 | max rel diff. = 0.608951
[2019-10-10 11:49:24.156] [jointLog] [info] iteration = 1,800 | max rel diff. = 0.128538
[2019-10-10 11:49:24.446] [jointLog] [info] iteration = 1,900 | max rel diff. = 3.57075
[2019-10-10 11:49:24.734] [jointLog] [info] iteration = 2,000 | max rel diff. = 0.490059
[2019-10-10 11:49:25.022] [jointLog] [info] iteration = 2,100 | max rel diff. = 0.350153
[2019-10-10 11:49:25.311] [jointLog] [info] iteration = 2,200 | max rel diff. = 0.809363
[2019-10-10 11:49:25.599] [jointLog] [info] iteration = 2,300 | max rel diff. = 2.58328
[2019-10-10 11:49:25.898] [jointLog] [info] iteration = 2,400 | max rel diff. = 0.144332
[2019-10-10 11:49:26.190] [jointLog] [info] iteration = 2,500 | max rel diff. = 0.62383
[2019-10-10 11:49:26.479] [jointLog] [info] iteration = 2,600 | max rel diff. = 4.23159
[2019-10-10 11:49:26.778] [jointLog] [info] iteration = 2,700 | max rel diff. = 0.362002
[2019-10-10 11:49:27.068] [jointLog] [info] iteration = 2,800 | max rel diff. = 1.25272
[2019-10-10 11:49:27.359] [jointLog] [info] iteration = 2,900 | max rel diff. = 0.0326251
[2019-10-10 11:49:27.651] [jointLog] [info] iteration = 3,000 | max rel diff. = 2.01855
[2019-10-10 11:49:27.940] [jointLog] [info] iteration = 3,100 | max rel diff. = 0.0503881
[2019-10-10 11:49:28.232] [jointLog] [info] iteration = 3,200 | max rel diff. = 0.203963
[2019-10-10 11:49:28.520] [jointLog] [info] iteration = 3,300 | max rel diff. = 0.10791
[2019-10-10 11:49:28.808] [jointLog] [info] iteration = 3,400 | max rel diff. = 1.38156
[2019-10-10 11:49:29.097] [jointLog] [info] iteration = 3,500 | max rel diff. = 0.0870728
[2019-10-10 11:49:29.385] [jointLog] [info] iteration = 3,600 | max rel diff. = 0.0225512
[2019-10-10 11:49:29.673] [jointLog] [info] iteration = 3,700 | max rel diff. = 0.33256
[2019-10-10 11:49:29.961] [jointLog] [info] iteration = 3,800 | max rel diff. = 0.0489555
[2019-10-10 11:49:30.249] [jointLog] [info] iteration = 3,900 | max rel diff. = 0.0245422
[2019-10-10 11:49:30.537] [jointLog] [info] iteration = 4,000 | max rel diff. = 0.0392382
[2019-10-10 11:49:30.825] [jointLog] [info] iteration = 4,100 | max rel diff. = 0.0246856
[2019-10-10 11:49:31.113] [jointLog] [info] iteration = 4,200 | max rel diff. = 0.208706
[2019-10-10 11:49:31.130] [jointLog] [info] iteration = 4,207 | max rel diff. = 0.0065438
[2019-10-10 11:49:31.132] [jointLog] [info] Finished optimizer
[2019-10-10 11:49:31.132] [jointLog] [info] writing output 

[2019-10-10 11:49:31.259] [jointLog] [info] Starting Bootstrapping
[2019-10-10 11:49:31.285] [jointLog] [info] Will draw 100 bootstrap samples
[2019-10-10 11:49:31.285] [jointLog] [info] Optimizing over 85,580 equivalence classes
[2019-10-10 11:49:31.292] [jointLog] [info] Marked 0 weighted equivalence classes as degenerate
[2019-10-10 11:50:06.728] [jointLog] [info] wrote 1 bootstraps
[2019-10-10 11:50:14.028] [jointLog] [info] wrote 2 bootstraps
[2019-10-10 11:50:15.775] [jointLog] [info] wrote 3 bootstraps
[2019-10-10 11:50:17.642] [jointLog] [info] wrote 4 bootstraps
[2019-10-10 11:50:19.150] [jointLog] [info] wrote 5 bootstraps
[2019-10-10 11:50:24.102] [jointLog] [info] wrote 6 bootstraps
[2019-10-10 11:50:24.482] [jointLog] [info] wrote 7 bootstraps
[2019-10-10 11:50:53.175] [jointLog] [info] wrote 8 bootstraps
[2019-10-10 11:51:06.591] [jointLog] [info] wrote 9 bootstraps
[2019-10-10 11:51:07.844] [jointLog] [info] wrote 10 bootstraps
[2019-10-10 11:51:09.097] [jointLog] [info] wrote 11 bootstraps
[2019-10-10 11:51:09.830] [jointLog] [info] wrote 12 bootstraps
[2019-10-10 11:51:11.125] [jointLog] [info] wrote 13 bootstraps
[2019-10-10 11:51:21.940] [jointLog] [info] wrote 14 bootstraps
[2019-10-10 11:51:35.455] [jointLog] [info] wrote 15 bootstraps
[2019-10-10 11:51:50.068] [jointLog] [info] wrote 16 bootstraps
[2019-10-10 11:51:55.523] [jointLog] [info] wrote 17 bootstraps
[2019-10-10 11:51:57.675] [jointLog] [info] wrote 18 bootstraps
[2019-10-10 11:51:58.462] [jointLog] [info] wrote 19 bootstraps
[2019-10-10 11:52:02.370] [jointLog] [info] wrote 20 bootstraps
[2019-10-10 11:52:17.674] [jointLog] [info] wrote 21 bootstraps
[2019-10-10 11:52:27.687] [jointLog] [info] wrote 22 bootstraps
[2019-10-10 11:52:39.734] [jointLog] [info] wrote 23 bootstraps
[2019-10-10 11:52:42.537] [jointLog] [info] wrote 24 bootstraps
[2019-10-10 11:52:46.421] [jointLog] [info] wrote 25 bootstraps
[2019-10-10 11:52:47.950] [jointLog] [info] wrote 26 bootstraps
[2019-10-10 11:52:54.117] [jointLog] [info] wrote 27 bootstraps
[2019-10-10 11:53:07.043] [jointLog] [info] wrote 28 bootstraps
[2019-10-10 11:53:14.891] [jointLog] [info] wrote 29 bootstraps
[2019-10-10 11:53:27.100] [jointLog] [info] wrote 30 bootstraps
[2019-10-10 11:53:27.236] [jointLog] [info] wrote 31 bootstraps
[2019-10-10 11:53:27.463] [jointLog] [info] wrote 32 bootstraps
[2019-10-10 11:53:42.714] [jointLog] [info] wrote 33 bootstraps
[2019-10-10 11:53:45.231] [jointLog] [info] wrote 34 bootstraps
[2019-10-10 11:54:01.188] [jointLog] [info] wrote 35 bootstraps
[2019-10-10 11:54:04.011] [jointLog] [info] wrote 36 bootstraps
[2019-10-10 11:54:11.862] [jointLog] [info] wrote 37 bootstraps
[2019-10-10 11:54:12.490] [jointLog] [info] wrote 38 bootstraps
[2019-10-10 11:54:19.835] [jointLog] [info] wrote 39 bootstraps
[2019-10-10 11:54:34.216] [jointLog] [info] wrote 40 bootstraps
[2019-10-10 11:54:36.481] [jointLog] [info] wrote 41 bootstraps
[2019-10-10 11:54:44.990] [jointLog] [info] wrote 42 bootstraps
[2019-10-10 11:54:51.035] [jointLog] [info] wrote 43 bootstraps
[2019-10-10 11:54:58.687] [jointLog] [info] wrote 44 bootstraps
[2019-10-10 11:55:01.598] [jointLog] [info] wrote 45 bootstraps
[2019-10-10 11:55:06.753] [jointLog] [info] wrote 46 bootstraps
[2019-10-10 11:55:20.573] [jointLog] [info] wrote 47 bootstraps
[2019-10-10 11:55:31.151] [jointLog] [info] wrote 48 bootstraps
[2019-10-10 11:55:33.096] [jointLog] [info] wrote 49 bootstraps
[2019-10-10 11:55:42.219] [jointLog] [info] wrote 50 bootstraps
[2019-10-10 11:55:48.337] [jointLog] [info] wrote 51 bootstraps
[2019-10-10 11:55:48.839] [jointLog] [info] wrote 52 bootstraps
[2019-10-10 11:55:53.978] [jointLog] [info] wrote 53 bootstraps
[2019-10-10 11:56:16.823] [jointLog] [info] wrote 54 bootstraps
[2019-10-10 11:56:22.688] [jointLog] [info] wrote 55 bootstraps
[2019-10-10 11:56:23.620] [jointLog] [info] wrote 56 bootstraps
[2019-10-10 11:56:31.140] [jointLog] [info] wrote 57 bootstraps
[2019-10-10 11:56:35.943] [jointLog] [info] wrote 58 bootstraps
[2019-10-10 11:56:38.517] [jointLog] [info] wrote 59 bootstraps
[2019-10-10 11:56:47.528] [jointLog] [info] wrote 60 bootstraps
[2019-10-10 11:57:00.471] [jointLog] [info] wrote 61 bootstraps
[2019-10-10 11:57:07.502] [jointLog] [info] wrote 62 bootstraps
[2019-10-10 11:57:11.647] [jointLog] [info] wrote 63 bootstraps
[2019-10-10 11:57:18.279] [jointLog] [info] wrote 64 bootstraps
[2019-10-10 11:57:24.500] [jointLog] [info] wrote 65 bootstraps
[2019-10-10 11:57:24.796] [jointLog] [info] wrote 66 bootstraps
[2019-10-10 11:57:35.774] [jointLog] [info] wrote 67 bootstraps
[2019-10-10 11:57:55.517] [jointLog] [info] wrote 68 bootstraps
[2019-10-10 11:57:58.188] [jointLog] [info] wrote 69 bootstraps
[2019-10-10 11:57:58.271] [jointLog] [info] wrote 70 bootstraps
[2019-10-10 11:58:05.044] [jointLog] [info] wrote 71 bootstraps
[2019-10-10 11:58:11.499] [jointLog] [info] wrote 72 bootstraps
[2019-10-10 11:58:16.806] [jointLog] [info] wrote 73 bootstraps
[2019-10-10 11:58:23.244] [jointLog] [info] wrote 74 bootstraps
[2019-10-10 11:58:45.799] [jointLog] [info] wrote 75 bootstraps
[2019-10-10 11:58:47.364] [jointLog] [info] wrote 76 bootstraps
[2019-10-10 11:58:49.918] [jointLog] [info] wrote 77 bootstraps
[2019-10-10 11:59:01.107] [jointLog] [info] wrote 78 bootstraps
[2019-10-10 11:59:02.530] [jointLog] [info] wrote 79 bootstraps
[2019-10-10 11:59:04.596] [jointLog] [info] wrote 80 bootstraps
[2019-10-10 11:59:14.930] [jointLog] [info] wrote 81 bootstraps
[2019-10-10 11:59:34.811] [jointLog] [info] wrote 82 bootstraps
[2019-10-10 11:59:37.731] [jointLog] [info] wrote 83 bootstraps
[2019-10-10 11:59:38.551] [jointLog] [info] wrote 84 bootstraps
[2019-10-10 11:59:42.524] [jointLog] [info] wrote 85 bootstraps
[2019-10-10 11:59:51.153] [jointLog] [info] wrote 86 bootstraps
[2019-10-10 11:59:51.180] [jointLog] [info] wrote 87 bootstraps
[2019-10-10 12:00:07.482] [jointLog] [info] wrote 88 bootstraps
[2019-10-10 12:00:16.827] [jointLog] [info] wrote 89 bootstraps
[2019-10-10 12:00:25.891] [jointLog] [info] wrote 90 bootstraps
[2019-10-10 12:00:28.313] [jointLog] [info] wrote 91 bootstraps
[2019-10-10 12:00:32.417] [jointLog] [info] wrote 92 bootstraps
[2019-10-10 12:00:35.801] [jointLog] [info] wrote 93 bootstraps
[2019-10-10 12:00:42.948] [jointLog] [info] wrote 94 bootstraps
[2019-10-10 12:00:52.162] [jointLog] [info] wrote 95 bootstraps
[2019-10-10 12:01:13.950] [jointLog] [info] wrote 96 bootstraps
[2019-10-10 12:01:15.248] [jointLog] [info] wrote 97 bootstraps
[2019-10-10 12:01:15.624] [jointLog] [info] wrote 98 bootstraps
[2019-10-10 12:01:17.389] [jointLog] [info] wrote 99 bootstraps
[2019-10-10 12:01:30.738] [jointLog] [info] wrote 100 bootstraps
[2019-10-10 12:01:30.743] [jointLog] [info] Finished Bootstrapping
