[2019-10-28 15:42:54.796] [jointLog] [info] Fragment incompatibility prior below threshold.  Incompatible fragments will be ignored.
[2019-10-28 15:42:54.796] [jointLog] [info] Usage of --validateMappings implies use of minScoreFraction. Since not explicitly specified, it is being set to 0.65
[2019-10-28 15:42:54.796] [jointLog] [info] Usage of --validateMappings, without --hardFilter implies use of range factorization. rangeFactorizationBins is being set to 4
[2019-10-28 15:42:54.796] [jointLog] [info] Usage of --validateMappings implies a default consensus slack of 0.2. Setting consensusSlack to 0.2.
[2019-10-28 15:42:54.796] [jointLog] [info] parsing read library format
[2019-10-28 15:42:54.796] [jointLog] [info] There is 1 library.
[2019-10-28 15:42:54.862] [jointLog] [info] Loading Quasi index
[2019-10-28 15:42:54.862] [jointLog] [info] Loading 32-bit quasi index
[2019-10-28 15:42:57.221] [jointLog] [info] done
[2019-10-28 15:42:57.221] [jointLog] [info] Index contained 52,718 targets
[2019-10-28 15:42:58.416] [jointLog] [info] Automatically detected most likely library type as ISR
[2019-10-28 15:44:47.788] [jointLog] [info] Thread saw mini-batch with a maximum of 0.98% zero probability fragments
[2019-10-28 15:44:47.804] [jointLog] [info] Thread saw mini-batch with a maximum of 1.04% zero probability fragments
[2019-10-28 15:44:47.828] [jointLog] [info] Thread saw mini-batch with a maximum of 1.00% zero probability fragments
[2019-10-28 15:44:47.838] [jointLog] [info] Thread saw mini-batch with a maximum of 0.96% zero probability fragments
[2019-10-28 15:44:47.897] [jointLog] [info] Thread saw mini-batch with a maximum of 1.00% zero probability fragments
[2019-10-28 15:44:47.902] [jointLog] [info] Thread saw mini-batch with a maximum of 1.02% zero probability fragments
[2019-10-28 15:44:47.904] [jointLog] [info] Thread saw mini-batch with a maximum of 1.08% zero probability fragments
[2019-10-28 15:44:47.908] [jointLog] [info] Thread saw mini-batch with a maximum of 1.00% zero probability fragments
[2019-10-28 15:44:48.003] [jointLog] [info] Computed 80,145 rich equivalence classes for further processing
[2019-10-28 15:44:48.003] [jointLog] [info] Counted 17,973,555 total reads in the equivalence classes 
[2019-10-28 15:44:48.004] [fileLog] [info] 
At end of round 0
==================
Observed 20809655 total fragments (20809655 in most recent round)

[2019-10-28 15:44:48.020] [jointLog] [info] Number of mappings discarded because of alignment score : 563,142
[2019-10-28 15:44:48.020] [jointLog] [info] Number of fragments entirely discarded because of alignment score : 561,218
[2019-10-28 15:44:48.020] [jointLog] [info] Number of fragments discarded because they are best-mapped to decoys : 0
[2019-10-28 15:44:48.020] [jointLog] [info] Number of fragments discarded because they have only dovetail (discordant) mappings : 77,131
[2019-10-28 15:44:48.020] [jointLog] [info] Mapping rate = 86.3712%

[2019-10-28 15:44:48.020] [jointLog] [info] finished quantifyLibrary()
[2019-10-28 15:44:48.030] [jointLog] [info] Starting optimizer
[2019-10-28 15:44:48.057] [jointLog] [info] Marked 0 weighted equivalence classes as degenerate
[2019-10-28 15:44:48.061] [jointLog] [info] iteration = 0 | max rel diff. = 11362.7
[2019-10-28 15:44:48.093] [jointLog] [info] iteration 11, adjusting effective lengths to account for biases
[2019-10-28 15:45:12.779] [jointLog] [info] Computed expected counts (for bias correction)
[2019-10-28 15:45:12.780] [jointLog] [info] processed bias for 0.0% of the transcripts
[2019-10-28 15:45:15.107] [jointLog] [info] processed bias for 10.0% of the transcripts
[2019-10-28 15:45:17.415] [jointLog] [info] processed bias for 20.0% of the transcripts
[2019-10-28 15:45:19.728] [jointLog] [info] processed bias for 30.0% of the transcripts
[2019-10-28 15:45:22.158] [jointLog] [info] processed bias for 40.0% of the transcripts
[2019-10-28 15:45:24.303] [jointLog] [info] processed bias for 50.0% of the transcripts
[2019-10-28 15:45:26.491] [jointLog] [info] processed bias for 60.0% of the transcripts
[2019-10-28 15:45:28.995] [jointLog] [info] processed bias for 70.0% of the transcripts
[2019-10-28 15:45:31.433] [jointLog] [info] processed bias for 80.0% of the transcripts
[2019-10-28 15:45:33.486] [jointLog] [info] processed bias for 100.0% of the transcripts
[2019-10-28 15:45:33.774] [jointLog] [info] iteration = 100 | max rel diff. = 20.4512
[2019-10-28 15:45:34.093] [jointLog] [info] iteration = 200 | max rel diff. = 18.8934
[2019-10-28 15:45:34.411] [jointLog] [info] iteration = 300 | max rel diff. = 9.4003
[2019-10-28 15:45:34.730] [jointLog] [info] iteration = 400 | max rel diff. = 15.2995
[2019-10-28 15:45:35.047] [jointLog] [info] iteration = 500 | max rel diff. = 5.78195
[2019-10-28 15:45:35.365] [jointLog] [info] iteration = 600 | max rel diff. = 3.23649
[2019-10-28 15:45:35.682] [jointLog] [info] iteration = 700 | max rel diff. = 1.28097
[2019-10-28 15:45:35.998] [jointLog] [info] iteration = 800 | max rel diff. = 2.60365
[2019-10-28 15:45:36.327] [jointLog] [info] iteration = 900 | max rel diff. = 3.08318
[2019-10-28 15:45:36.651] [jointLog] [info] iteration = 1,000 | max rel diff. = 1.77529
[2019-10-28 15:45:36.972] [jointLog] [info] iteration = 1,100 | max rel diff. = 2.87726
[2019-10-28 15:45:37.293] [jointLog] [info] iteration = 1,200 | max rel diff. = 0.481059
[2019-10-28 15:45:37.614] [jointLog] [info] iteration = 1,300 | max rel diff. = 18.817
[2019-10-28 15:45:37.936] [jointLog] [info] iteration = 1,400 | max rel diff. = 2.15116
[2019-10-28 15:45:38.258] [jointLog] [info] iteration = 1,500 | max rel diff. = 2.11409
[2019-10-28 15:45:38.581] [jointLog] [info] iteration = 1,600 | max rel diff. = 2.07155
[2019-10-28 15:45:38.903] [jointLog] [info] iteration = 1,700 | max rel diff. = 3.49203
[2019-10-28 15:45:39.225] [jointLog] [info] iteration = 1,800 | max rel diff. = 4.3852
[2019-10-28 15:45:39.546] [jointLog] [info] iteration = 1,900 | max rel diff. = 2.62111
[2019-10-28 15:45:39.871] [jointLog] [info] iteration = 2,000 | max rel diff. = 0.852627
[2019-10-28 15:45:40.195] [jointLog] [info] iteration = 2,100 | max rel diff. = 0.135992
[2019-10-28 15:45:40.523] [jointLog] [info] iteration = 2,200 | max rel diff. = 0.290923
[2019-10-28 15:45:40.846] [jointLog] [info] iteration = 2,300 | max rel diff. = 0.189172
[2019-10-28 15:45:41.165] [jointLog] [info] iteration = 2,400 | max rel diff. = 0.215528
[2019-10-28 15:45:41.478] [jointLog] [info] iteration = 2,500 | max rel diff. = 0.0465401
[2019-10-28 15:45:41.764] [jointLog] [info] iteration = 2,600 | max rel diff. = 0.654567
[2019-10-28 15:45:42.048] [jointLog] [info] iteration = 2,700 | max rel diff. = 0.132841
[2019-10-28 15:45:42.327] [jointLog] [info] iteration = 2,800 | max rel diff. = 0.0735743
[2019-10-28 15:45:42.608] [jointLog] [info] iteration = 2,900 | max rel diff. = 0.544188
[2019-10-28 15:45:42.879] [jointLog] [info] iteration = 3,000 | max rel diff. = 0.370163
[2019-10-28 15:45:43.161] [jointLog] [info] iteration = 3,100 | max rel diff. = 0.238751
[2019-10-28 15:45:43.456] [jointLog] [info] iteration = 3,200 | max rel diff. = 10.2665
[2019-10-28 15:45:43.759] [jointLog] [info] iteration = 3,300 | max rel diff. = 0.0397419
[2019-10-28 15:45:44.060] [jointLog] [info] iteration = 3,400 | max rel diff. = 11.7374
[2019-10-28 15:45:44.347] [jointLog] [info] iteration = 3,500 | max rel diff. = 4.67772
[2019-10-28 15:45:44.617] [jointLog] [info] iteration = 3,600 | max rel diff. = 0.114524
[2019-10-28 15:45:44.886] [jointLog] [info] iteration = 3,700 | max rel diff. = 0.185774
[2019-10-28 15:45:45.166] [jointLog] [info] iteration = 3,800 | max rel diff. = 0.146999
[2019-10-28 15:45:45.475] [jointLog] [info] iteration = 3,900 | max rel diff. = 0.109365
[2019-10-28 15:45:45.795] [jointLog] [info] iteration = 4,000 | max rel diff. = 0.032585
[2019-10-28 15:45:46.115] [jointLog] [info] iteration = 4,100 | max rel diff. = 0.135617
[2019-10-28 15:45:46.434] [jointLog] [info] iteration = 4,200 | max rel diff. = 1.67893
[2019-10-28 15:45:46.749] [jointLog] [info] iteration = 4,300 | max rel diff. = 0.573732
[2019-10-28 15:45:47.069] [jointLog] [info] iteration = 4,400 | max rel diff. = 0.0277781
[2019-10-28 15:45:47.262] [jointLog] [info] iteration = 4,461 | max rel diff. = 0.00856316
[2019-10-28 15:45:47.265] [jointLog] [info] Finished optimizer
[2019-10-28 15:45:47.265] [jointLog] [info] writing output 

[2019-10-28 15:45:47.386] [jointLog] [info] Starting Bootstrapping
[2019-10-28 15:45:47.415] [jointLog] [info] Will draw 100 bootstrap samples
[2019-10-28 15:45:47.415] [jointLog] [info] Optimizing over 80,145 equivalence classes
[2019-10-28 15:45:47.425] [jointLog] [info] Marked 0 weighted equivalence classes as degenerate
[2019-10-28 15:46:30.337] [jointLog] [info] wrote 1 bootstraps
[2019-10-28 15:46:33.827] [jointLog] [info] wrote 2 bootstraps
[2019-10-28 15:46:36.256] [jointLog] [info] wrote 3 bootstraps
[2019-10-28 15:46:36.530] [jointLog] [info] wrote 4 bootstraps
[2019-10-28 15:46:36.929] [jointLog] [info] wrote 5 bootstraps
[2019-10-28 15:46:40.422] [jointLog] [info] wrote 6 bootstraps
[2019-10-28 15:46:43.321] [jointLog] [info] wrote 7 bootstraps
[2019-10-28 15:47:16.151] [jointLog] [info] wrote 8 bootstraps
[2019-10-28 15:47:16.959] [jointLog] [info] wrote 9 bootstraps
[2019-10-28 15:47:20.028] [jointLog] [info] wrote 10 bootstraps
[2019-10-28 15:47:21.711] [jointLog] [info] wrote 11 bootstraps
[2019-10-28 15:47:30.723] [jointLog] [info] wrote 12 bootstraps
[2019-10-28 15:47:32.830] [jointLog] [info] wrote 13 bootstraps
[2019-10-28 15:47:37.360] [jointLog] [info] wrote 14 bootstraps
[2019-10-28 15:48:05.734] [jointLog] [info] wrote 15 bootstraps
[2019-10-28 15:48:08.432] [jointLog] [info] wrote 16 bootstraps
[2019-10-28 15:48:18.283] [jointLog] [info] wrote 17 bootstraps
[2019-10-28 15:48:19.304] [jointLog] [info] wrote 18 bootstraps
[2019-10-28 15:48:20.328] [jointLog] [info] wrote 19 bootstraps
[2019-10-28 15:48:30.690] [jointLog] [info] wrote 20 bootstraps
[2019-10-28 15:48:37.555] [jointLog] [info] wrote 21 bootstraps
[2019-10-28 15:48:54.490] [jointLog] [info] wrote 22 bootstraps
[2019-10-28 15:48:59.466] [jointLog] [info] wrote 23 bootstraps
[2019-10-28 15:49:00.000] [jointLog] [info] wrote 24 bootstraps
[2019-10-28 15:49:08.955] [jointLog] [info] wrote 25 bootstraps
[2019-10-28 15:49:12.204] [jointLog] [info] wrote 26 bootstraps
[2019-10-28 15:49:16.281] [jointLog] [info] wrote 27 bootstraps
[2019-10-28 15:49:18.824] [jointLog] [info] wrote 28 bootstraps
[2019-10-28 15:49:45.714] [jointLog] [info] wrote 29 bootstraps
[2019-10-28 15:49:47.642] [jointLog] [info] wrote 30 bootstraps
[2019-10-28 15:49:50.006] [jointLog] [info] wrote 31 bootstraps
[2019-10-28 15:49:51.729] [jointLog] [info] wrote 32 bootstraps
[2019-10-28 15:49:56.427] [jointLog] [info] wrote 33 bootstraps
[2019-10-28 15:50:03.532] [jointLog] [info] wrote 34 bootstraps
[2019-10-28 15:50:08.910] [jointLog] [info] wrote 35 bootstraps
[2019-10-28 15:50:35.081] [jointLog] [info] wrote 36 bootstraps
[2019-10-28 15:50:36.409] [jointLog] [info] wrote 37 bootstraps
[2019-10-28 15:50:36.825] [jointLog] [info] wrote 38 bootstraps
[2019-10-28 15:50:45.996] [jointLog] [info] wrote 39 bootstraps
[2019-10-28 15:50:49.575] [jointLog] [info] wrote 40 bootstraps
[2019-10-28 15:50:50.205] [jointLog] [info] wrote 41 bootstraps
[2019-10-28 15:50:58.378] [jointLog] [info] wrote 42 bootstraps
[2019-10-28 15:51:12.154] [jointLog] [info] wrote 43 bootstraps
[2019-10-28 15:51:20.569] [jointLog] [info] wrote 44 bootstraps
[2019-10-28 15:51:21.103] [jointLog] [info] wrote 45 bootstraps
[2019-10-28 15:51:29.129] [jointLog] [info] wrote 46 bootstraps
[2019-10-28 15:51:33.272] [jointLog] [info] wrote 47 bootstraps
[2019-10-28 15:51:43.959] [jointLog] [info] wrote 48 bootstraps
[2019-10-28 15:51:55.530] [jointLog] [info] wrote 49 bootstraps
[2019-10-28 15:51:55.602] [jointLog] [info] wrote 50 bootstraps
[2019-10-28 15:52:04.657] [jointLog] [info] wrote 51 bootstraps
[2019-10-28 15:52:14.243] [jointLog] [info] wrote 52 bootstraps
[2019-10-28 15:52:20.288] [jointLog] [info] wrote 53 bootstraps
[2019-10-28 15:52:23.764] [jointLog] [info] wrote 54 bootstraps
[2019-10-28 15:52:35.226] [jointLog] [info] wrote 55 bootstraps
[2019-10-28 15:52:42.295] [jointLog] [info] wrote 56 bootstraps
[2019-10-28 15:52:44.789] [jointLog] [info] wrote 57 bootstraps
[2019-10-28 15:52:46.621] [jointLog] [info] wrote 58 bootstraps
[2019-10-28 15:52:59.284] [jointLog] [info] wrote 59 bootstraps
[2019-10-28 15:53:18.788] [jointLog] [info] wrote 60 bootstraps
[2019-10-28 15:53:19.100] [jointLog] [info] wrote 61 bootstraps
[2019-10-28 15:53:25.638] [jointLog] [info] wrote 62 bootstraps
[2019-10-28 15:53:29.866] [jointLog] [info] wrote 63 bootstraps
[2019-10-28 15:53:38.867] [jointLog] [info] wrote 64 bootstraps
[2019-10-28 15:53:43.965] [jointLog] [info] wrote 65 bootstraps
[2019-10-28 15:53:54.947] [jointLog] [info] wrote 66 bootstraps
[2019-10-28 15:54:04.333] [jointLog] [info] wrote 67 bootstraps
[2019-10-28 15:54:07.213] [jointLog] [info] wrote 68 bootstraps
[2019-10-28 15:54:08.682] [jointLog] [info] wrote 69 bootstraps
[2019-10-28 15:54:08.955] [jointLog] [info] wrote 70 bootstraps
[2019-10-28 15:54:21.357] [jointLog] [info] wrote 71 bootstraps
[2019-10-28 15:54:38.082] [jointLog] [info] wrote 72 bootstraps
[2019-10-28 15:54:39.354] [jointLog] [info] wrote 73 bootstraps
[2019-10-28 15:54:54.551] [jointLog] [info] wrote 74 bootstraps
[2019-10-28 15:54:57.380] [jointLog] [info] wrote 75 bootstraps
[2019-10-28 15:54:59.206] [jointLog] [info] wrote 76 bootstraps
[2019-10-28 15:55:01.215] [jointLog] [info] wrote 77 bootstraps
[2019-10-28 15:55:19.858] [jointLog] [info] wrote 78 bootstraps
[2019-10-28 15:55:34.696] [jointLog] [info] wrote 79 bootstraps
[2019-10-28 15:55:39.616] [jointLog] [info] wrote 80 bootstraps
[2019-10-28 15:55:47.671] [jointLog] [info] wrote 81 bootstraps
[2019-10-28 15:55:47.765] [jointLog] [info] wrote 82 bootstraps
[2019-10-28 15:55:55.226] [jointLog] [info] wrote 83 bootstraps
[2019-10-28 15:55:55.271] [jointLog] [info] wrote 84 bootstraps
[2019-10-28 15:56:11.166] [jointLog] [info] wrote 85 bootstraps
[2019-10-28 15:56:28.769] [jointLog] [info] wrote 86 bootstraps
[2019-10-28 15:56:34.162] [jointLog] [info] wrote 87 bootstraps
[2019-10-28 15:56:39.687] [jointLog] [info] wrote 88 bootstraps
[2019-10-28 15:56:43.838] [jointLog] [info] wrote 89 bootstraps
[2019-10-28 15:56:47.955] [jointLog] [info] wrote 90 bootstraps
[2019-10-28 15:56:50.247] [jointLog] [info] wrote 91 bootstraps
[2019-10-28 15:57:05.951] [jointLog] [info] wrote 92 bootstraps
[2019-10-28 15:57:24.338] [jointLog] [info] wrote 93 bootstraps
[2019-10-28 15:57:25.345] [jointLog] [info] wrote 94 bootstraps
[2019-10-28 15:57:25.752] [jointLog] [info] wrote 95 bootstraps
[2019-10-28 15:57:33.526] [jointLog] [info] wrote 96 bootstraps
[2019-10-28 15:57:35.582] [jointLog] [info] wrote 97 bootstraps
[2019-10-28 15:57:37.731] [jointLog] [info] wrote 98 bootstraps
[2019-10-28 15:57:57.575] [jointLog] [info] wrote 99 bootstraps
[2019-10-28 15:58:15.589] [jointLog] [info] wrote 100 bootstraps
[2019-10-28 15:58:15.595] [jointLog] [info] Finished Bootstrapping
