[2019-10-10 11:02:29.310] [jointLog] [info] Fragment incompatibility prior below threshold.  Incompatible fragments will be ignored.
[2019-10-10 11:02:29.310] [jointLog] [info] Usage of --validateMappings implies use of minScoreFraction. Since not explicitly specified, it is being set to 0.65
[2019-10-10 11:02:29.310] [jointLog] [info] Usage of --validateMappings, without --hardFilter implies use of range factorization. rangeFactorizationBins is being set to 4
[2019-10-10 11:02:29.310] [jointLog] [info] Usage of --validateMappings implies a default consensus slack of 0.2. Setting consensusSlack to 0.2.
[2019-10-10 11:02:29.310] [jointLog] [info] parsing read library format
[2019-10-10 11:02:29.310] [jointLog] [info] There is 1 library.
[2019-10-10 11:02:29.374] [jointLog] [info] Loading Quasi index
[2019-10-10 11:02:29.374] [jointLog] [info] Loading 32-bit quasi index
[2019-10-10 11:02:31.697] [jointLog] [info] done
[2019-10-10 11:02:31.697] [jointLog] [info] Index contained 52,719 targets
[2019-10-10 11:02:32.881] [jointLog] [info] Automatically detected most likely library type as ISR
[2019-10-10 11:04:34.197] [jointLog] [info] Thread saw mini-batch with a maximum of 1.24% zero probability fragments
[2019-10-10 11:04:34.248] [jointLog] [info] Thread saw mini-batch with a maximum of 1.30% zero probability fragments
[2019-10-10 11:04:34.253] [jointLog] [info] Thread saw mini-batch with a maximum of 1.18% zero probability fragments
[2019-10-10 11:04:34.260] [jointLog] [info] Thread saw mini-batch with a maximum of 1.36% zero probability fragments
[2019-10-10 11:04:34.282] [jointLog] [info] Thread saw mini-batch with a maximum of 1.20% zero probability fragments
[2019-10-10 11:04:34.284] [jointLog] [info] Thread saw mini-batch with a maximum of 1.16% zero probability fragments
[2019-10-10 11:04:34.296] [jointLog] [info] Thread saw mini-batch with a maximum of 1.24% zero probability fragments
[2019-10-10 11:04:34.322] [jointLog] [info] Thread saw mini-batch with a maximum of 1.26% zero probability fragments
[2019-10-10 11:04:34.399] [jointLog] [info] Computed 85,589 rich equivalence classes for further processing
[2019-10-10 11:04:34.399] [jointLog] [info] Counted 23,875,967 total reads in the equivalence classes 
[2019-10-10 11:04:34.413] [jointLog] [info] Number of mappings discarded because of alignment score : 761,734
[2019-10-10 11:04:34.413] [jointLog] [info] Number of fragments entirely discarded because of alignment score : 776,857
[2019-10-10 11:04:34.413] [jointLog] [info] Number of fragments discarded because they are best-mapped to decoys : 0
[2019-10-10 11:04:34.400] [fileLog] [info] 
At end of round 0
==================
Observed 27847578 total fragments (27847578 in most recent round)

[2019-10-10 11:04:34.413] [jointLog] [info] Number of fragments discarded because they have only dovetail (discordant) mappings : 110,115
[2019-10-10 11:04:34.413] [jointLog] [info] Mapping rate = 85.738%

[2019-10-10 11:04:34.413] [jointLog] [info] finished quantifyLibrary()
[2019-10-10 11:04:34.429] [jointLog] [info] Starting optimizer
[2019-10-10 11:04:34.452] [jointLog] [info] Marked 0 weighted equivalence classes as degenerate
[2019-10-10 11:04:34.455] [jointLog] [info] iteration = 0 | max rel diff. = 19085.4
[2019-10-10 11:04:34.483] [jointLog] [info] iteration 11, adjusting effective lengths to account for biases
[2019-10-10 11:04:49.462] [jointLog] [info] Computed expected counts (for bias correction)
[2019-10-10 11:04:49.462] [jointLog] [info] processed bias for 0.0% of the transcripts
[2019-10-10 11:04:51.396] [jointLog] [info] processed bias for 10.0% of the transcripts
[2019-10-10 11:04:53.333] [jointLog] [info] processed bias for 20.0% of the transcripts
[2019-10-10 11:04:55.210] [jointLog] [info] processed bias for 30.0% of the transcripts
[2019-10-10 11:04:57.118] [jointLog] [info] processed bias for 40.0% of the transcripts
[2019-10-10 11:04:58.873] [jointLog] [info] processed bias for 50.0% of the transcripts
[2019-10-10 11:05:00.751] [jointLog] [info] processed bias for 60.0% of the transcripts
[2019-10-10 11:05:02.638] [jointLog] [info] processed bias for 70.0% of the transcripts
[2019-10-10 11:05:04.570] [jointLog] [info] processed bias for 80.0% of the transcripts
[2019-10-10 11:05:06.345] [jointLog] [info] processed bias for 100.0% of the transcripts
[2019-10-10 11:05:06.608] [jointLog] [info] iteration = 100 | max rel diff. = 18.4933
[2019-10-10 11:05:06.901] [jointLog] [info] iteration = 200 | max rel diff. = 19.536
[2019-10-10 11:05:07.194] [jointLog] [info] iteration = 300 | max rel diff. = 10.9237
[2019-10-10 11:05:07.487] [jointLog] [info] iteration = 400 | max rel diff. = 16.4154
[2019-10-10 11:05:07.780] [jointLog] [info] iteration = 500 | max rel diff. = 18.5959
[2019-10-10 11:05:08.073] [jointLog] [info] iteration = 600 | max rel diff. = 11.5121
[2019-10-10 11:05:08.365] [jointLog] [info] iteration = 700 | max rel diff. = 7.92922
[2019-10-10 11:05:08.658] [jointLog] [info] iteration = 800 | max rel diff. = 2.01336
[2019-10-10 11:05:08.950] [jointLog] [info] iteration = 900 | max rel diff. = 4.46934
[2019-10-10 11:05:09.242] [jointLog] [info] iteration = 1,000 | max rel diff. = 2.93195
[2019-10-10 11:05:09.534] [jointLog] [info] iteration = 1,100 | max rel diff. = 2.63045
[2019-10-10 11:05:09.825] [jointLog] [info] iteration = 1,200 | max rel diff. = 0.378089
[2019-10-10 11:05:10.117] [jointLog] [info] iteration = 1,300 | max rel diff. = 0.663248
[2019-10-10 11:05:10.408] [jointLog] [info] iteration = 1,400 | max rel diff. = 4.43492
[2019-10-10 11:05:10.701] [jointLog] [info] iteration = 1,500 | max rel diff. = 0.333686
[2019-10-10 11:05:10.994] [jointLog] [info] iteration = 1,600 | max rel diff. = 3.14991
[2019-10-10 11:05:11.285] [jointLog] [info] iteration = 1,700 | max rel diff. = 0.867336
[2019-10-10 11:05:11.577] [jointLog] [info] iteration = 1,800 | max rel diff. = 2.35705
[2019-10-10 11:05:11.869] [jointLog] [info] iteration = 1,900 | max rel diff. = 1.13677
[2019-10-10 11:05:12.160] [jointLog] [info] iteration = 2,000 | max rel diff. = 1.83103
[2019-10-10 11:05:12.451] [jointLog] [info] iteration = 2,100 | max rel diff. = 8.57789
[2019-10-10 11:05:12.743] [jointLog] [info] iteration = 2,200 | max rel diff. = 0.160175
[2019-10-10 11:05:13.034] [jointLog] [info] iteration = 2,300 | max rel diff. = 1.57738
[2019-10-10 11:05:13.325] [jointLog] [info] iteration = 2,400 | max rel diff. = 0.0810196
[2019-10-10 11:05:13.616] [jointLog] [info] iteration = 2,500 | max rel diff. = 0.179559
[2019-10-10 11:05:13.910] [jointLog] [info] iteration = 2,600 | max rel diff. = 1.48722
[2019-10-10 11:05:14.207] [jointLog] [info] iteration = 2,700 | max rel diff. = 0.926561
[2019-10-10 11:05:14.503] [jointLog] [info] iteration = 2,800 | max rel diff. = 0.643884
[2019-10-10 11:05:14.796] [jointLog] [info] iteration = 2,900 | max rel diff. = 0.288093
[2019-10-10 11:05:15.091] [jointLog] [info] iteration = 3,000 | max rel diff. = 0.0614832
[2019-10-10 11:05:15.385] [jointLog] [info] iteration = 3,100 | max rel diff. = 0.0480031
[2019-10-10 11:05:15.683] [jointLog] [info] iteration = 3,200 | max rel diff. = 0.0785547
[2019-10-10 11:05:15.981] [jointLog] [info] iteration = 3,300 | max rel diff. = 0.132232
[2019-10-10 11:05:16.277] [jointLog] [info] iteration = 3,400 | max rel diff. = 0.0595763
[2019-10-10 11:05:16.573] [jointLog] [info] iteration = 3,500 | max rel diff. = 0.114341
[2019-10-10 11:05:16.869] [jointLog] [info] iteration = 3,600 | max rel diff. = 0.0233838
[2019-10-10 11:05:17.165] [jointLog] [info] iteration = 3,700 | max rel diff. = 0.268345
[2019-10-10 11:05:17.462] [jointLog] [info] iteration = 3,800 | max rel diff. = 0.0643673
[2019-10-10 11:05:17.758] [jointLog] [info] iteration = 3,900 | max rel diff. = 0.0204604
[2019-10-10 11:05:18.054] [jointLog] [info] iteration = 4,000 | max rel diff. = 0.157229
[2019-10-10 11:05:18.347] [jointLog] [info] iteration = 4,100 | max rel diff. = 0.932936
[2019-10-10 11:05:18.643] [jointLog] [info] iteration = 4,200 | max rel diff. = 0.0780733
[2019-10-10 11:05:18.937] [jointLog] [info] iteration = 4,300 | max rel diff. = 0.182087
[2019-10-10 11:05:19.232] [jointLog] [info] iteration = 4,400 | max rel diff. = 0.0432311
[2019-10-10 11:05:19.423] [jointLog] [info] iteration = 4,466 | max rel diff. = 0.00681458
[2019-10-10 11:05:19.425] [jointLog] [info] Finished optimizer
[2019-10-10 11:05:19.425] [jointLog] [info] writing output 

[2019-10-10 11:05:19.520] [jointLog] [info] Starting Bootstrapping
[2019-10-10 11:05:19.546] [jointLog] [info] Will draw 100 bootstrap samples
[2019-10-10 11:05:19.546] [jointLog] [info] Optimizing over 85,589 equivalence classes
[2019-10-10 11:05:19.554] [jointLog] [info] Marked 0 weighted equivalence classes as degenerate
[2019-10-10 11:06:05.898] [jointLog] [info] wrote 1 bootstraps
[2019-10-10 11:06:06.140] [jointLog] [info] wrote 2 bootstraps
[2019-10-10 11:06:06.264] [jointLog] [info] wrote 3 bootstraps
[2019-10-10 11:06:09.934] [jointLog] [info] wrote 4 bootstraps
[2019-10-10 11:06:10.684] [jointLog] [info] wrote 5 bootstraps
[2019-10-10 11:06:14.651] [jointLog] [info] wrote 6 bootstraps
[2019-10-10 11:06:15.306] [jointLog] [info] wrote 7 bootstraps
[2019-10-10 11:06:54.031] [jointLog] [info] wrote 8 bootstraps
[2019-10-10 11:06:54.049] [jointLog] [info] wrote 9 bootstraps
[2019-10-10 11:06:57.719] [jointLog] [info] wrote 10 bootstraps
[2019-10-10 11:07:00.159] [jointLog] [info] wrote 11 bootstraps
[2019-10-10 11:07:01.682] [jointLog] [info] wrote 12 bootstraps
[2019-10-10 11:07:02.271] [jointLog] [info] wrote 13 bootstraps
[2019-10-10 11:07:10.200] [jointLog] [info] wrote 14 bootstraps
[2019-10-10 11:07:35.305] [jointLog] [info] wrote 15 bootstraps
[2019-10-10 11:07:41.060] [jointLog] [info] wrote 16 bootstraps
[2019-10-10 11:07:46.340] [jointLog] [info] wrote 17 bootstraps
[2019-10-10 11:07:47.214] [jointLog] [info] wrote 18 bootstraps
[2019-10-10 11:07:49.388] [jointLog] [info] wrote 19 bootstraps
[2019-10-10 11:07:53.238] [jointLog] [info] wrote 20 bootstraps
[2019-10-10 11:07:55.327] [jointLog] [info] wrote 21 bootstraps
[2019-10-10 11:08:26.527] [jointLog] [info] wrote 22 bootstraps
[2019-10-10 11:08:29.552] [jointLog] [info] wrote 23 bootstraps
[2019-10-10 11:08:33.282] [jointLog] [info] wrote 24 bootstraps
[2019-10-10 11:08:41.421] [jointLog] [info] wrote 25 bootstraps
[2019-10-10 11:08:42.075] [jointLog] [info] wrote 26 bootstraps
[2019-10-10 11:08:43.889] [jointLog] [info] wrote 27 bootstraps
[2019-10-10 11:08:45.536] [jointLog] [info] wrote 28 bootstraps
[2019-10-10 11:09:11.969] [jointLog] [info] wrote 29 bootstraps
[2019-10-10 11:09:15.549] [jointLog] [info] wrote 30 bootstraps
[2019-10-10 11:09:23.779] [jointLog] [info] wrote 31 bootstraps
[2019-10-10 11:09:24.974] [jointLog] [info] wrote 32 bootstraps
[2019-10-10 11:09:30.654] [jointLog] [info] wrote 33 bootstraps
[2019-10-10 11:09:31.854] [jointLog] [info] wrote 34 bootstraps
[2019-10-10 11:09:32.524] [jointLog] [info] wrote 35 bootstraps
[2019-10-10 11:09:58.693] [jointLog] [info] wrote 36 bootstraps
[2019-10-10 11:10:07.213] [jointLog] [info] wrote 37 bootstraps
[2019-10-10 11:10:13.309] [jointLog] [info] wrote 38 bootstraps
[2019-10-10 11:10:13.678] [jointLog] [info] wrote 39 bootstraps
[2019-10-10 11:10:16.929] [jointLog] [info] wrote 40 bootstraps
[2019-10-10 11:10:19.092] [jointLog] [info] wrote 41 bootstraps
[2019-10-10 11:10:20.166] [jointLog] [info] wrote 42 bootstraps
[2019-10-10 11:10:40.279] [jointLog] [info] wrote 43 bootstraps
[2019-10-10 11:10:51.276] [jointLog] [info] wrote 44 bootstraps
[2019-10-10 11:10:57.200] [jointLog] [info] wrote 45 bootstraps
[2019-10-10 11:11:01.920] [jointLog] [info] wrote 46 bootstraps
[2019-10-10 11:11:05.565] [jointLog] [info] wrote 47 bootstraps
[2019-10-10 11:11:07.088] [jointLog] [info] wrote 48 bootstraps
[2019-10-10 11:11:07.402] [jointLog] [info] wrote 49 bootstraps
[2019-10-10 11:11:27.736] [jointLog] [info] wrote 50 bootstraps
[2019-10-10 11:11:30.062] [jointLog] [info] wrote 51 bootstraps
[2019-10-10 11:11:36.191] [jointLog] [info] wrote 52 bootstraps
[2019-10-10 11:11:45.975] [jointLog] [info] wrote 53 bootstraps
[2019-10-10 11:11:49.171] [jointLog] [info] wrote 54 bootstraps
[2019-10-10 11:11:51.800] [jointLog] [info] wrote 55 bootstraps
[2019-10-10 11:11:56.978] [jointLog] [info] wrote 56 bootstraps
[2019-10-10 11:12:15.693] [jointLog] [info] wrote 57 bootstraps
[2019-10-10 11:12:23.941] [jointLog] [info] wrote 58 bootstraps
[2019-10-10 11:12:25.326] [jointLog] [info] wrote 59 bootstraps
[2019-10-10 11:12:33.420] [jointLog] [info] wrote 60 bootstraps
[2019-10-10 11:12:34.062] [jointLog] [info] wrote 61 bootstraps
[2019-10-10 11:12:39.994] [jointLog] [info] wrote 62 bootstraps
[2019-10-10 11:12:42.821] [jointLog] [info] wrote 63 bootstraps
[2019-10-10 11:13:07.050] [jointLog] [info] wrote 64 bootstraps
[2019-10-10 11:13:07.596] [jointLog] [info] wrote 65 bootstraps
[2019-10-10 11:13:10.863] [jointLog] [info] wrote 66 bootstraps
[2019-10-10 11:13:17.239] [jointLog] [info] wrote 67 bootstraps
[2019-10-10 11:13:19.115] [jointLog] [info] wrote 68 bootstraps
[2019-10-10 11:13:29.806] [jointLog] [info] wrote 69 bootstraps
[2019-10-10 11:13:30.246] [jointLog] [info] wrote 70 bootstraps
[2019-10-10 11:13:53.642] [jointLog] [info] wrote 71 bootstraps
[2019-10-10 11:13:55.725] [jointLog] [info] wrote 72 bootstraps
[2019-10-10 11:14:00.101] [jointLog] [info] wrote 73 bootstraps
[2019-10-10 11:14:05.710] [jointLog] [info] wrote 74 bootstraps
[2019-10-10 11:14:13.147] [jointLog] [info] wrote 75 bootstraps
[2019-10-10 11:14:17.237] [jointLog] [info] wrote 76 bootstraps
[2019-10-10 11:14:21.690] [jointLog] [info] wrote 77 bootstraps
[2019-10-10 11:14:40.435] [jointLog] [info] wrote 78 bootstraps
[2019-10-10 11:14:42.027] [jointLog] [info] wrote 79 bootstraps
[2019-10-10 11:14:42.425] [jointLog] [info] wrote 80 bootstraps
[2019-10-10 11:14:45.992] [jointLog] [info] wrote 81 bootstraps
[2019-10-10 11:15:00.375] [jointLog] [info] wrote 82 bootstraps
[2019-10-10 11:15:05.166] [jointLog] [info] wrote 83 bootstraps
[2019-10-10 11:15:05.825] [jointLog] [info] wrote 84 bootstraps
[2019-10-10 11:15:29.521] [jointLog] [info] wrote 85 bootstraps
[2019-10-10 11:15:30.164] [jointLog] [info] wrote 86 bootstraps
[2019-10-10 11:15:32.012] [jointLog] [info] wrote 87 bootstraps
[2019-10-10 11:15:35.862] [jointLog] [info] wrote 88 bootstraps
[2019-10-10 11:15:40.073] [jointLog] [info] wrote 89 bootstraps
[2019-10-10 11:15:55.201] [jointLog] [info] wrote 90 bootstraps
[2019-10-10 11:15:56.903] [jointLog] [info] wrote 91 bootstraps
[2019-10-10 11:16:15.162] [jointLog] [info] wrote 92 bootstraps
[2019-10-10 11:16:16.726] [jointLog] [info] wrote 93 bootstraps
[2019-10-10 11:16:22.986] [jointLog] [info] wrote 94 bootstraps
[2019-10-10 11:16:24.761] [jointLog] [info] wrote 95 bootstraps
[2019-10-10 11:16:26.171] [jointLog] [info] wrote 96 bootstraps
[2019-10-10 11:16:43.081] [jointLog] [info] wrote 97 bootstraps
[2019-10-10 11:16:50.588] [jointLog] [info] wrote 98 bootstraps
[2019-10-10 11:16:57.557] [jointLog] [info] wrote 99 bootstraps
[2019-10-10 11:17:06.946] [jointLog] [info] wrote 100 bootstraps
[2019-10-10 11:17:06.951] [jointLog] [info] Finished Bootstrapping
