[2019-10-10 10:22:13.738] [jointLog] [info] Fragment incompatibility prior below threshold.  Incompatible fragments will be ignored.
[2019-10-10 10:22:13.738] [jointLog] [info] Usage of --validateMappings implies use of minScoreFraction. Since not explicitly specified, it is being set to 0.65
[2019-10-10 10:22:13.738] [jointLog] [info] Usage of --validateMappings, without --hardFilter implies use of range factorization. rangeFactorizationBins is being set to 4
[2019-10-10 10:22:13.738] [jointLog] [info] Usage of --validateMappings implies a default consensus slack of 0.2. Setting consensusSlack to 0.2.
[2019-10-10 10:22:13.738] [jointLog] [info] parsing read library format
[2019-10-10 10:22:13.738] [jointLog] [info] There is 1 library.
[2019-10-10 10:22:13.811] [jointLog] [info] Loading Quasi index
[2019-10-10 10:22:13.811] [jointLog] [info] Loading 32-bit quasi index
[2019-10-10 10:22:16.095] [jointLog] [info] done
[2019-10-10 10:22:16.095] [jointLog] [info] Index contained 52,719 targets
[2019-10-10 10:22:17.228] [jointLog] [info] Automatically detected most likely library type as ISR
[2019-10-10 10:24:01.970] [jointLog] [info] Thread saw mini-batch with a maximum of 1.36% zero probability fragments
[2019-10-10 10:24:01.979] [jointLog] [info] Thread saw mini-batch with a maximum of 1.42% zero probability fragments
[2019-10-10 10:24:01.988] [jointLog] [info] Thread saw mini-batch with a maximum of 1.46% zero probability fragments
[2019-10-10 10:24:01.994] [jointLog] [info] Thread saw mini-batch with a maximum of 1.36% zero probability fragments
[2019-10-10 10:24:02.168] [fileLog] [info] 
At end of round 0
==================
Observed 24103260 total fragments (24103260 in most recent round)

[2019-10-10 10:24:02.052] [jointLog] [info] Thread saw mini-batch with a maximum of 1.40% zero probability fragments
[2019-10-10 10:24:02.056] [jointLog] [info] Thread saw mini-batch with a maximum of 1.44% zero probability fragments
[2019-10-10 10:24:02.064] [jointLog] [info] Thread saw mini-batch with a maximum of 1.40% zero probability fragments
[2019-10-10 10:24:02.092] [jointLog] [info] Thread saw mini-batch with a maximum of 1.38% zero probability fragments
[2019-10-10 10:24:02.167] [jointLog] [info] Computed 84,031 rich equivalence classes for further processing
[2019-10-10 10:24:02.167] [jointLog] [info] Counted 20,229,580 total reads in the equivalence classes 
[2019-10-10 10:24:02.181] [jointLog] [info] Number of mappings discarded because of alignment score : 717,516
[2019-10-10 10:24:02.181] [jointLog] [info] Number of fragments entirely discarded because of alignment score : 722,839
[2019-10-10 10:24:02.181] [jointLog] [info] Number of fragments discarded because they are best-mapped to decoys : 0
[2019-10-10 10:24:02.181] [jointLog] [info] Number of fragments discarded because they have only dovetail (discordant) mappings : 125,305
[2019-10-10 10:24:02.181] [jointLog] [info] Mapping rate = 83.9288%

[2019-10-10 10:24:02.181] [jointLog] [info] finished quantifyLibrary()
[2019-10-10 10:24:02.182] [jointLog] [info] Starting optimizer
[2019-10-10 10:24:02.353] [jointLog] [info] Marked 0 weighted equivalence classes as degenerate
[2019-10-10 10:24:02.356] [jointLog] [info] iteration = 0 | max rel diff. = 21181.7
[2019-10-10 10:24:02.384] [jointLog] [info] iteration 11, adjusting effective lengths to account for biases
[2019-10-10 10:24:16.967] [jointLog] [info] Computed expected counts (for bias correction)
[2019-10-10 10:24:16.967] [jointLog] [info] processed bias for 0.0% of the transcripts
[2019-10-10 10:24:18.763] [jointLog] [info] processed bias for 10.0% of the transcripts
[2019-10-10 10:24:20.533] [jointLog] [info] processed bias for 20.0% of the transcripts
[2019-10-10 10:24:22.366] [jointLog] [info] processed bias for 30.0% of the transcripts
[2019-10-10 10:24:24.255] [jointLog] [info] processed bias for 40.0% of the transcripts
[2019-10-10 10:24:25.977] [jointLog] [info] processed bias for 50.0% of the transcripts
[2019-10-10 10:24:27.738] [jointLog] [info] processed bias for 60.0% of the transcripts
[2019-10-10 10:24:29.475] [jointLog] [info] processed bias for 70.0% of the transcripts
[2019-10-10 10:24:31.429] [jointLog] [info] processed bias for 80.0% of the transcripts
[2019-10-10 10:24:33.345] [jointLog] [info] processed bias for 100.0% of the transcripts
[2019-10-10 10:24:33.604] [jointLog] [info] iteration = 100 | max rel diff. = 19.2664
[2019-10-10 10:24:33.894] [jointLog] [info] iteration = 200 | max rel diff. = 20.3432
[2019-10-10 10:24:34.181] [jointLog] [info] iteration = 300 | max rel diff. = 19.0982
[2019-10-10 10:24:34.468] [jointLog] [info] iteration = 400 | max rel diff. = 7.28394
[2019-10-10 10:24:34.755] [jointLog] [info] iteration = 500 | max rel diff. = 15.4422
[2019-10-10 10:24:35.041] [jointLog] [info] iteration = 600 | max rel diff. = 7.18983
[2019-10-10 10:24:35.327] [jointLog] [info] iteration = 700 | max rel diff. = 1.54321
[2019-10-10 10:24:35.613] [jointLog] [info] iteration = 800 | max rel diff. = 1.48311
[2019-10-10 10:24:35.899] [jointLog] [info] iteration = 900 | max rel diff. = 4.67222
[2019-10-10 10:24:36.184] [jointLog] [info] iteration = 1,000 | max rel diff. = 0.999362
[2019-10-10 10:24:36.470] [jointLog] [info] iteration = 1,100 | max rel diff. = 1.28476
[2019-10-10 10:24:36.755] [jointLog] [info] iteration = 1,200 | max rel diff. = 19.1141
[2019-10-10 10:24:37.050] [jointLog] [info] iteration = 1,300 | max rel diff. = 0.741468
[2019-10-10 10:24:37.339] [jointLog] [info] iteration = 1,400 | max rel diff. = 2.53167
[2019-10-10 10:24:37.624] [jointLog] [info] iteration = 1,500 | max rel diff. = 7.48844
[2019-10-10 10:24:37.910] [jointLog] [info] iteration = 1,600 | max rel diff. = 16.1955
[2019-10-10 10:24:38.197] [jointLog] [info] iteration = 1,700 | max rel diff. = 0.312988
[2019-10-10 10:24:38.484] [jointLog] [info] iteration = 1,800 | max rel diff. = 0.599984
[2019-10-10 10:24:38.772] [jointLog] [info] iteration = 1,900 | max rel diff. = 0.638409
[2019-10-10 10:24:39.059] [jointLog] [info] iteration = 2,000 | max rel diff. = 0.536869
[2019-10-10 10:24:39.348] [jointLog] [info] iteration = 2,100 | max rel diff. = 0.273533
[2019-10-10 10:24:39.633] [jointLog] [info] iteration = 2,200 | max rel diff. = 0.331015
[2019-10-10 10:24:39.918] [jointLog] [info] iteration = 2,300 | max rel diff. = 0.659331
[2019-10-10 10:24:40.204] [jointLog] [info] iteration = 2,400 | max rel diff. = 0.0704428
[2019-10-10 10:24:40.488] [jointLog] [info] iteration = 2,500 | max rel diff. = 0.995218
[2019-10-10 10:24:40.773] [jointLog] [info] iteration = 2,600 | max rel diff. = 0.685393
[2019-10-10 10:24:41.058] [jointLog] [info] iteration = 2,700 | max rel diff. = 1.35717
[2019-10-10 10:24:41.342] [jointLog] [info] iteration = 2,800 | max rel diff. = 0.343965
[2019-10-10 10:24:41.627] [jointLog] [info] iteration = 2,900 | max rel diff. = 0.464094
[2019-10-10 10:24:41.912] [jointLog] [info] iteration = 3,000 | max rel diff. = 0.364724
[2019-10-10 10:24:42.196] [jointLog] [info] iteration = 3,100 | max rel diff. = 0.0450107
[2019-10-10 10:24:42.488] [jointLog] [info] iteration = 3,200 | max rel diff. = 0.161974
[2019-10-10 10:24:42.773] [jointLog] [info] iteration = 3,300 | max rel diff. = 0.160769
[2019-10-10 10:24:43.057] [jointLog] [info] iteration = 3,400 | max rel diff. = 0.359344
[2019-10-10 10:24:43.342] [jointLog] [info] iteration = 3,500 | max rel diff. = 0.14999
[2019-10-10 10:24:43.627] [jointLog] [info] iteration = 3,600 | max rel diff. = 0.0858569
[2019-10-10 10:24:43.911] [jointLog] [info] iteration = 3,700 | max rel diff. = 7.02544
[2019-10-10 10:24:44.195] [jointLog] [info] iteration = 3,800 | max rel diff. = 1.1824
[2019-10-10 10:24:44.480] [jointLog] [info] iteration = 3,900 | max rel diff. = 0.124874
[2019-10-10 10:24:44.765] [jointLog] [info] iteration = 4,000 | max rel diff. = 0.0368673
[2019-10-10 10:24:45.049] [jointLog] [info] iteration = 4,100 | max rel diff. = 0.470439
[2019-10-10 10:24:45.333] [jointLog] [info] iteration = 4,200 | max rel diff. = 0.0312155
[2019-10-10 10:24:45.618] [jointLog] [info] iteration = 4,300 | max rel diff. = 0.0224473
[2019-10-10 10:24:45.904] [jointLog] [info] iteration = 4,400 | max rel diff. = 0.0944634
[2019-10-10 10:24:46.189] [jointLog] [info] iteration = 4,500 | max rel diff. = 0.351422
[2019-10-10 10:24:46.474] [jointLog] [info] iteration = 4,600 | max rel diff. = 0.918788
[2019-10-10 10:24:46.758] [jointLog] [info] iteration = 4,700 | max rel diff. = 0.19018
[2019-10-10 10:24:47.043] [jointLog] [info] iteration = 4,800 | max rel diff. = 4.71062
[2019-10-10 10:24:47.328] [jointLog] [info] iteration = 4,900 | max rel diff. = 0.0286296
[2019-10-10 10:24:47.611] [jointLog] [info] iteration = 5,000 | max rel diff. = 0.0592209
[2019-10-10 10:24:47.896] [jointLog] [info] iteration = 5,100 | max rel diff. = 0.0343217
[2019-10-10 10:24:48.180] [jointLog] [info] iteration = 5,200 | max rel diff. = 0.0328817
[2019-10-10 10:24:48.465] [jointLog] [info] iteration = 5,300 | max rel diff. = 0.217991
[2019-10-10 10:24:48.749] [jointLog] [info] iteration = 5,400 | max rel diff. = 0.0386067
[2019-10-10 10:24:49.037] [jointLog] [info] iteration = 5,500 | max rel diff. = 0.0916411
[2019-10-10 10:24:49.071] [jointLog] [info] iteration = 5,513 | max rel diff. = 0.00647498
[2019-10-10 10:24:49.073] [jointLog] [info] Finished optimizer
[2019-10-10 10:24:49.073] [jointLog] [info] writing output 

[2019-10-10 10:24:49.192] [jointLog] [info] Starting Bootstrapping
[2019-10-10 10:24:49.217] [jointLog] [info] Will draw 100 bootstrap samples
[2019-10-10 10:24:49.217] [jointLog] [info] Optimizing over 84,031 equivalence classes
[2019-10-10 10:24:49.225] [jointLog] [info] Marked 0 weighted equivalence classes as degenerate
[2019-10-10 10:25:31.833] [jointLog] [info] wrote 1 bootstraps
[2019-10-10 10:25:31.955] [jointLog] [info] wrote 2 bootstraps
[2019-10-10 10:25:34.632] [jointLog] [info] wrote 3 bootstraps
[2019-10-10 10:25:34.751] [jointLog] [info] wrote 4 bootstraps
[2019-10-10 10:25:37.183] [jointLog] [info] wrote 5 bootstraps
[2019-10-10 10:25:38.776] [jointLog] [info] wrote 6 bootstraps
[2019-10-10 10:25:40.733] [jointLog] [info] wrote 7 bootstraps
[2019-10-10 10:26:13.952] [jointLog] [info] wrote 8 bootstraps
[2019-10-10 10:26:16.310] [jointLog] [info] wrote 9 bootstraps
[2019-10-10 10:26:17.070] [jointLog] [info] wrote 10 bootstraps
[2019-10-10 10:26:17.433] [jointLog] [info] wrote 11 bootstraps
[2019-10-10 10:26:19.068] [jointLog] [info] wrote 12 bootstraps
[2019-10-10 10:26:24.042] [jointLog] [info] wrote 13 bootstraps
[2019-10-10 10:26:25.700] [jointLog] [info] wrote 14 bootstraps
[2019-10-10 10:26:56.291] [jointLog] [info] wrote 15 bootstraps
[2019-10-10 10:27:00.725] [jointLog] [info] wrote 16 bootstraps
[2019-10-10 10:27:01.230] [jointLog] [info] wrote 17 bootstraps
[2019-10-10 10:27:04.619] [jointLog] [info] wrote 18 bootstraps
[2019-10-10 10:27:04.633] [jointLog] [info] wrote 19 bootstraps
[2019-10-10 10:27:06.012] [jointLog] [info] wrote 20 bootstraps
[2019-10-10 10:27:12.076] [jointLog] [info] wrote 21 bootstraps
[2019-10-10 10:27:39.551] [jointLog] [info] wrote 22 bootstraps
[2019-10-10 10:27:47.241] [jointLog] [info] wrote 23 bootstraps
[2019-10-10 10:27:47.774] [jointLog] [info] wrote 24 bootstraps
[2019-10-10 10:27:48.462] [jointLog] [info] wrote 25 bootstraps
[2019-10-10 10:27:50.599] [jointLog] [info] wrote 26 bootstraps
[2019-10-10 10:27:52.332] [jointLog] [info] wrote 27 bootstraps
[2019-10-10 10:27:55.851] [jointLog] [info] wrote 28 bootstraps
[2019-10-10 10:28:19.122] [jointLog] [info] wrote 29 bootstraps
[2019-10-10 10:28:31.402] [jointLog] [info] wrote 30 bootstraps
[2019-10-10 10:28:32.604] [jointLog] [info] wrote 31 bootstraps
[2019-10-10 10:28:36.156] [jointLog] [info] wrote 32 bootstraps
[2019-10-10 10:28:38.044] [jointLog] [info] wrote 33 bootstraps
[2019-10-10 10:28:38.879] [jointLog] [info] wrote 34 bootstraps
[2019-10-10 10:28:40.185] [jointLog] [info] wrote 35 bootstraps
[2019-10-10 10:29:02.995] [jointLog] [info] wrote 36 bootstraps
[2019-10-10 10:29:11.523] [jointLog] [info] wrote 37 bootstraps
[2019-10-10 10:29:14.652] [jointLog] [info] wrote 38 bootstraps
[2019-10-10 10:29:21.908] [jointLog] [info] wrote 39 bootstraps
[2019-10-10 10:29:27.244] [jointLog] [info] wrote 40 bootstraps
[2019-10-10 10:29:27.405] [jointLog] [info] wrote 41 bootstraps
[2019-10-10 10:29:29.406] [jointLog] [info] wrote 42 bootstraps
[2019-10-10 10:29:39.116] [jointLog] [info] wrote 43 bootstraps
[2019-10-10 10:30:01.377] [jointLog] [info] wrote 44 bootstraps
[2019-10-10 10:30:04.398] [jointLog] [info] wrote 45 bootstraps
[2019-10-10 10:30:09.820] [jointLog] [info] wrote 46 bootstraps
[2019-10-10 10:30:12.729] [jointLog] [info] wrote 47 bootstraps
[2019-10-10 10:30:15.569] [jointLog] [info] wrote 48 bootstraps
[2019-10-10 10:30:18.477] [jointLog] [info] wrote 49 bootstraps
[2019-10-10 10:30:21.490] [jointLog] [info] wrote 50 bootstraps
[2019-10-10 10:30:39.529] [jointLog] [info] wrote 51 bootstraps
[2019-10-10 10:30:43.291] [jointLog] [info] wrote 52 bootstraps
[2019-10-10 10:30:53.169] [jointLog] [info] wrote 53 bootstraps
[2019-10-10 10:30:56.588] [jointLog] [info] wrote 54 bootstraps
[2019-10-10 10:30:58.744] [jointLog] [info] wrote 55 bootstraps
[2019-10-10 10:30:58.802] [jointLog] [info] wrote 56 bootstraps
[2019-10-10 10:31:06.224] [jointLog] [info] wrote 57 bootstraps
[2019-10-10 10:31:20.736] [jointLog] [info] wrote 58 bootstraps
[2019-10-10 10:31:21.814] [jointLog] [info] wrote 59 bootstraps
[2019-10-10 10:31:34.061] [jointLog] [info] wrote 60 bootstraps
[2019-10-10 10:31:42.558] [jointLog] [info] wrote 61 bootstraps
[2019-10-10 10:31:46.064] [jointLog] [info] wrote 62 bootstraps
[2019-10-10 10:31:49.364] [jointLog] [info] wrote 63 bootstraps
[2019-10-10 10:31:53.734] [jointLog] [info] wrote 64 bootstraps
[2019-10-10 10:32:01.930] [jointLog] [info] wrote 65 bootstraps
[2019-10-10 10:32:06.431] [jointLog] [info] wrote 66 bootstraps
[2019-10-10 10:32:19.395] [jointLog] [info] wrote 67 bootstraps
[2019-10-10 10:32:21.055] [jointLog] [info] wrote 68 bootstraps
[2019-10-10 10:32:29.326] [jointLog] [info] wrote 69 bootstraps
[2019-10-10 10:32:32.661] [jointLog] [info] wrote 70 bootstraps
[2019-10-10 10:32:41.138] [jointLog] [info] wrote 71 bootstraps
[2019-10-10 10:32:46.364] [jointLog] [info] wrote 72 bootstraps
[2019-10-10 10:32:47.990] [jointLog] [info] wrote 73 bootstraps
[2019-10-10 10:32:59.921] [jointLog] [info] wrote 74 bootstraps
[2019-10-10 10:33:08.724] [jointLog] [info] wrote 75 bootstraps
[2019-10-10 10:33:12.333] [jointLog] [info] wrote 76 bootstraps
[2019-10-10 10:33:21.359] [jointLog] [info] wrote 77 bootstraps
[2019-10-10 10:33:22.391] [jointLog] [info] wrote 78 bootstraps
[2019-10-10 10:33:24.268] [jointLog] [info] wrote 79 bootstraps
[2019-10-10 10:33:31.625] [jointLog] [info] wrote 80 bootstraps
[2019-10-10 10:33:48.980] [jointLog] [info] wrote 81 bootstraps
[2019-10-10 10:33:49.678] [jointLog] [info] wrote 82 bootstraps
[2019-10-10 10:33:56.135] [jointLog] [info] wrote 83 bootstraps
[2019-10-10 10:34:06.409] [jointLog] [info] wrote 84 bootstraps
[2019-10-10 10:34:09.187] [jointLog] [info] wrote 85 bootstraps
[2019-10-10 10:34:14.615] [jointLog] [info] wrote 86 bootstraps
[2019-10-10 10:34:20.163] [jointLog] [info] wrote 87 bootstraps
[2019-10-10 10:34:28.911] [jointLog] [info] wrote 88 bootstraps
[2019-10-10 10:34:42.936] [jointLog] [info] wrote 89 bootstraps
[2019-10-10 10:34:43.089] [jointLog] [info] wrote 90 bootstraps
[2019-10-10 10:34:43.342] [jointLog] [info] wrote 91 bootstraps
[2019-10-10 10:34:48.493] [jointLog] [info] wrote 92 bootstraps
[2019-10-10 10:34:54.616] [jointLog] [info] wrote 93 bootstraps
[2019-10-10 10:35:08.238] [jointLog] [info] wrote 94 bootstraps
[2019-10-10 10:35:22.530] [jointLog] [info] wrote 95 bootstraps
[2019-10-10 10:35:23.822] [jointLog] [info] wrote 96 bootstraps
[2019-10-10 10:35:26.575] [jointLog] [info] wrote 97 bootstraps
[2019-10-10 10:35:29.194] [jointLog] [info] wrote 98 bootstraps
[2019-10-10 10:35:30.203] [jointLog] [info] wrote 99 bootstraps
[2019-10-10 10:35:33.053] [jointLog] [info] wrote 100 bootstraps
[2019-10-10 10:35:33.059] [jointLog] [info] Finished Bootstrapping
