[2019-10-28 15:58:16.650] [jointLog] [info] Fragment incompatibility prior below threshold.  Incompatible fragments will be ignored.
[2019-10-28 15:58:16.650] [jointLog] [info] Usage of --validateMappings implies use of minScoreFraction. Since not explicitly specified, it is being set to 0.65
[2019-10-28 15:58:16.650] [jointLog] [info] Usage of --validateMappings, without --hardFilter implies use of range factorization. rangeFactorizationBins is being set to 4
[2019-10-28 15:58:16.650] [jointLog] [info] Usage of --validateMappings implies a default consensus slack of 0.2. Setting consensusSlack to 0.2.
[2019-10-28 15:58:16.650] [jointLog] [info] parsing read library format
[2019-10-28 15:58:16.650] [jointLog] [info] There is 1 library.
[2019-10-28 15:58:16.735] [jointLog] [info] Loading Quasi index
[2019-10-28 15:58:16.735] [jointLog] [info] Loading 32-bit quasi index
[2019-10-28 15:58:19.029] [jointLog] [info] done
[2019-10-28 15:58:19.029] [jointLog] [info] Index contained 52,718 targets
[2019-10-28 15:58:20.163] [jointLog] [info] Automatically detected most likely library type as ISR
[2019-10-28 16:00:14.211] [jointLog] [info] Thread saw mini-batch with a maximum of 1.08% zero probability fragments
[2019-10-28 16:00:14.287] [jointLog] [info] Thread saw mini-batch with a maximum of 1.00% zero probability fragments
[2019-10-28 16:00:14.290] [jointLog] [info] Thread saw mini-batch with a maximum of 0.98% zero probability fragments
[2019-10-28 16:00:14.334] [jointLog] [info] Thread saw mini-batch with a maximum of 1.02% zero probability fragments
[2019-10-28 16:00:14.340] [jointLog] [info] Thread saw mini-batch with a maximum of 1.04% zero probability fragments
[2019-10-28 16:00:14.347] [jointLog] [info] Thread saw mini-batch with a maximum of 1.08% zero probability fragments
[2019-10-28 16:00:14.361] [jointLog] [info] Thread saw mini-batch with a maximum of 1.20% zero probability fragments
[2019-10-28 16:00:14.374] [jointLog] [info] Thread saw mini-batch with a maximum of 1.00% zero probability fragments
[2019-10-28 16:00:14.469] [jointLog] [info] Computed 80,752 rich equivalence classes for further processing
[2019-10-28 16:00:14.469] [jointLog] [info] Counted 18,559,422 total reads in the equivalence classes 
[2019-10-28 16:00:14.487] [jointLog] [info] Number of mappings discarded because of alignment score : 586,011
[2019-10-28 16:00:14.487] [jointLog] [info] Number of fragments entirely discarded because of alignment score : 578,814
[2019-10-28 16:00:14.487] [jointLog] [info] Number of fragments discarded because they are best-mapped to decoys : 0
[2019-10-28 16:00:14.487] [jointLog] [info] Number of fragments discarded because they have only dovetail (discordant) mappings : 80,844
[2019-10-28 16:00:14.487] [jointLog] [info] Mapping rate = 86.3921%

[2019-10-28 16:00:14.487] [jointLog] [info] finished quantifyLibrary()
[2019-10-28 16:00:14.499] [jointLog] [info] Starting optimizer
[2019-10-28 16:00:14.528] [jointLog] [info] Marked 0 weighted equivalence classes as degenerate
[2019-10-28 16:00:14.531] [jointLog] [info] iteration = 0 | max rel diff. = 13743.2
[2019-10-28 16:00:14.564] [jointLog] [info] iteration 11, adjusting effective lengths to account for biases
[2019-10-28 16:00:14.470] [fileLog] [info] 
At end of round 0
==================
Observed 21482786 total fragments (21482786 in most recent round)

[2019-10-28 16:00:39.219] [jointLog] [info] Computed expected counts (for bias correction)
[2019-10-28 16:00:39.219] [jointLog] [info] processed bias for 0.0% of the transcripts
[2019-10-28 16:00:41.460] [jointLog] [info] processed bias for 10.0% of the transcripts
[2019-10-28 16:00:43.558] [jointLog] [info] processed bias for 20.0% of the transcripts
[2019-10-28 16:00:45.662] [jointLog] [info] processed bias for 30.0% of the transcripts
[2019-10-28 16:00:47.925] [jointLog] [info] processed bias for 40.0% of the transcripts
[2019-10-28 16:00:50.156] [jointLog] [info] processed bias for 50.0% of the transcripts
[2019-10-28 16:00:52.646] [jointLog] [info] processed bias for 60.0% of the transcripts
[2019-10-28 16:00:54.966] [jointLog] [info] processed bias for 70.0% of the transcripts
[2019-10-28 16:00:57.423] [jointLog] [info] processed bias for 80.0% of the transcripts
[2019-10-28 16:00:59.562] [jointLog] [info] processed bias for 100.0% of the transcripts
[2019-10-28 16:00:59.844] [jointLog] [info] iteration = 100 | max rel diff. = 16.2848
[2019-10-28 16:01:00.130] [jointLog] [info] iteration = 200 | max rel diff. = 19.0211
[2019-10-28 16:01:00.410] [jointLog] [info] iteration = 300 | max rel diff. = 12.9215
[2019-10-28 16:01:00.680] [jointLog] [info] iteration = 400 | max rel diff. = 7.18018
[2019-10-28 16:01:00.950] [jointLog] [info] iteration = 500 | max rel diff. = 8.75098
[2019-10-28 16:01:01.226] [jointLog] [info] iteration = 600 | max rel diff. = 8.77652
[2019-10-28 16:01:01.513] [jointLog] [info] iteration = 700 | max rel diff. = 1.82628
[2019-10-28 16:01:01.804] [jointLog] [info] iteration = 800 | max rel diff. = 15.1742
[2019-10-28 16:01:02.121] [jointLog] [info] iteration = 900 | max rel diff. = 1.57321
[2019-10-28 16:01:02.427] [jointLog] [info] iteration = 1,000 | max rel diff. = 3.01934
[2019-10-28 16:01:02.726] [jointLog] [info] iteration = 1,100 | max rel diff. = 1.28096
[2019-10-28 16:01:03.006] [jointLog] [info] iteration = 1,200 | max rel diff. = 10.1024
[2019-10-28 16:01:03.285] [jointLog] [info] iteration = 1,300 | max rel diff. = 0.704125
[2019-10-28 16:01:03.564] [jointLog] [info] iteration = 1,400 | max rel diff. = 1.33452
[2019-10-28 16:01:03.863] [jointLog] [info] iteration = 1,500 | max rel diff. = 0.247227
[2019-10-28 16:01:04.180] [jointLog] [info] iteration = 1,600 | max rel diff. = 0.290603
[2019-10-28 16:01:04.503] [jointLog] [info] iteration = 1,700 | max rel diff. = 1.82847
[2019-10-28 16:01:04.825] [jointLog] [info] iteration = 1,800 | max rel diff. = 2.13945
[2019-10-28 16:01:05.146] [jointLog] [info] iteration = 1,900 | max rel diff. = 0.295906
[2019-10-28 16:01:05.467] [jointLog] [info] iteration = 2,000 | max rel diff. = 0.139042
[2019-10-28 16:01:05.788] [jointLog] [info] iteration = 2,100 | max rel diff. = 0.383164
[2019-10-28 16:01:06.107] [jointLog] [info] iteration = 2,200 | max rel diff. = 1.19323
[2019-10-28 16:01:06.429] [jointLog] [info] iteration = 2,300 | max rel diff. = 1.16842
[2019-10-28 16:01:06.751] [jointLog] [info] iteration = 2,400 | max rel diff. = 0.479772
[2019-10-28 16:01:07.072] [jointLog] [info] iteration = 2,500 | max rel diff. = 0.188001
[2019-10-28 16:01:07.392] [jointLog] [info] iteration = 2,600 | max rel diff. = 0.23279
[2019-10-28 16:01:07.713] [jointLog] [info] iteration = 2,700 | max rel diff. = 0.212729
[2019-10-28 16:01:08.034] [jointLog] [info] iteration = 2,800 | max rel diff. = 0.0858758
[2019-10-28 16:01:08.351] [jointLog] [info] iteration = 2,900 | max rel diff. = 0.902931
[2019-10-28 16:01:08.670] [jointLog] [info] iteration = 3,000 | max rel diff. = 0.300405
[2019-10-28 16:01:08.989] [jointLog] [info] iteration = 3,100 | max rel diff. = 0.194185
[2019-10-28 16:01:09.310] [jointLog] [info] iteration = 3,200 | max rel diff. = 0.149448
[2019-10-28 16:01:09.633] [jointLog] [info] iteration = 3,300 | max rel diff. = 0.0725358
[2019-10-28 16:01:09.955] [jointLog] [info] iteration = 3,400 | max rel diff. = 0.764978
[2019-10-28 16:01:10.277] [jointLog] [info] iteration = 3,500 | max rel diff. = 0.0754028
[2019-10-28 16:01:10.600] [jointLog] [info] iteration = 3,600 | max rel diff. = 0.0209449
[2019-10-28 16:01:10.923] [jointLog] [info] iteration = 3,700 | max rel diff. = 0.140514
[2019-10-28 16:01:11.247] [jointLog] [info] iteration = 3,800 | max rel diff. = 0.0280202
[2019-10-28 16:01:11.572] [jointLog] [info] iteration = 3,900 | max rel diff. = 0.0462272
[2019-10-28 16:01:11.896] [jointLog] [info] iteration = 4,000 | max rel diff. = 0.085037
[2019-10-28 16:01:12.222] [jointLog] [info] iteration = 4,100 | max rel diff. = 0.0221888
[2019-10-28 16:01:12.546] [jointLog] [info] iteration = 4,200 | max rel diff. = 0.401627
[2019-10-28 16:01:12.870] [jointLog] [info] iteration = 4,300 | max rel diff. = 0.331805
[2019-10-28 16:01:13.191] [jointLog] [info] iteration = 4,400 | max rel diff. = 0.0276435
[2019-10-28 16:01:13.514] [jointLog] [info] iteration = 4,500 | max rel diff. = 0.391424
[2019-10-28 16:01:13.838] [jointLog] [info] iteration = 4,600 | max rel diff. = 0.184716
[2019-10-28 16:01:14.161] [jointLog] [info] iteration = 4,700 | max rel diff. = 0.0270903
[2019-10-28 16:01:14.476] [jointLog] [info] iteration = 4,800 | max rel diff. = 0.12835
[2019-10-28 16:01:14.784] [jointLog] [info] iteration = 4,900 | max rel diff. = 0.0987009
[2019-10-28 16:01:15.106] [jointLog] [info] iteration = 5,000 | max rel diff. = 0.12378
[2019-10-28 16:01:15.258] [jointLog] [info] iteration = 5,049 | max rel diff. = 0.00984414
[2019-10-28 16:01:15.260] [jointLog] [info] Finished optimizer
[2019-10-28 16:01:15.260] [jointLog] [info] writing output 

[2019-10-28 16:01:15.401] [jointLog] [info] Starting Bootstrapping
[2019-10-28 16:01:15.429] [jointLog] [info] Will draw 100 bootstrap samples
[2019-10-28 16:01:15.429] [jointLog] [info] Optimizing over 80,752 equivalence classes
[2019-10-28 16:01:15.439] [jointLog] [info] Marked 0 weighted equivalence classes as degenerate
[2019-10-28 16:01:59.228] [jointLog] [info] wrote 1 bootstraps
[2019-10-28 16:01:59.697] [jointLog] [info] wrote 2 bootstraps
[2019-10-28 16:02:04.630] [jointLog] [info] wrote 3 bootstraps
[2019-10-28 16:02:05.666] [jointLog] [info] wrote 4 bootstraps
[2019-10-28 16:02:06.040] [jointLog] [info] wrote 5 bootstraps
[2019-10-28 16:02:12.078] [jointLog] [info] wrote 6 bootstraps
[2019-10-28 16:02:12.633] [jointLog] [info] wrote 7 bootstraps
[2019-10-28 16:02:52.641] [jointLog] [info] wrote 8 bootstraps
[2019-10-28 16:02:54.399] [jointLog] [info] wrote 9 bootstraps
[2019-10-28 16:02:54.980] [jointLog] [info] wrote 10 bootstraps
[2019-10-28 16:02:55.390] [jointLog] [info] wrote 11 bootstraps
[2019-10-28 16:02:57.941] [jointLog] [info] wrote 12 bootstraps
[2019-10-28 16:02:58.439] [jointLog] [info] wrote 13 bootstraps
[2019-10-28 16:02:59.091] [jointLog] [info] wrote 14 bootstraps
[2019-10-28 16:03:37.179] [jointLog] [info] wrote 15 bootstraps
[2019-10-28 16:03:37.376] [jointLog] [info] wrote 16 bootstraps
[2019-10-28 16:03:37.612] [jointLog] [info] wrote 17 bootstraps
[2019-10-28 16:03:38.550] [jointLog] [info] wrote 18 bootstraps
[2019-10-28 16:03:38.906] [jointLog] [info] wrote 19 bootstraps
[2019-10-28 16:03:41.357] [jointLog] [info] wrote 20 bootstraps
[2019-10-28 16:03:48.450] [jointLog] [info] wrote 21 bootstraps
[2019-10-28 16:04:19.122] [jointLog] [info] wrote 22 bootstraps
[2019-10-28 16:04:20.223] [jointLog] [info] wrote 23 bootstraps
[2019-10-28 16:04:20.236] [jointLog] [info] wrote 24 bootstraps
[2019-10-28 16:04:28.216] [jointLog] [info] wrote 25 bootstraps
[2019-10-28 16:04:30.641] [jointLog] [info] wrote 26 bootstraps
[2019-10-28 16:04:32.698] [jointLog] [info] wrote 27 bootstraps
[2019-10-28 16:04:44.319] [jointLog] [info] wrote 28 bootstraps
[2019-10-28 16:05:02.308] [jointLog] [info] wrote 29 bootstraps
[2019-10-28 16:05:05.135] [jointLog] [info] wrote 30 bootstraps
[2019-10-28 16:05:07.533] [jointLog] [info] wrote 31 bootstraps
[2019-10-28 16:05:08.481] [jointLog] [info] wrote 32 bootstraps
[2019-10-28 16:05:18.906] [jointLog] [info] wrote 33 bootstraps
[2019-10-28 16:05:20.317] [jointLog] [info] wrote 34 bootstraps
[2019-10-28 16:05:33.974] [jointLog] [info] wrote 35 bootstraps
[2019-10-28 16:05:49.852] [jointLog] [info] wrote 36 bootstraps
[2019-10-28 16:05:54.529] [jointLog] [info] wrote 37 bootstraps
[2019-10-28 16:05:55.317] [jointLog] [info] wrote 38 bootstraps
[2019-10-28 16:05:59.836] [jointLog] [info] wrote 39 bootstraps
[2019-10-28 16:06:01.748] [jointLog] [info] wrote 40 bootstraps
[2019-10-28 16:06:08.412] [jointLog] [info] wrote 41 bootstraps
[2019-10-28 16:06:11.907] [jointLog] [info] wrote 42 bootstraps
[2019-10-28 16:06:29.933] [jointLog] [info] wrote 43 bootstraps
[2019-10-28 16:06:38.853] [jointLog] [info] wrote 44 bootstraps
[2019-10-28 16:06:44.852] [jointLog] [info] wrote 45 bootstraps
[2019-10-28 16:06:49.156] [jointLog] [info] wrote 46 bootstraps
[2019-10-28 16:06:49.956] [jointLog] [info] wrote 47 bootstraps
[2019-10-28 16:06:50.479] [jointLog] [info] wrote 48 bootstraps
[2019-10-28 16:06:51.169] [jointLog] [info] wrote 49 bootstraps
[2019-10-28 16:07:16.993] [jointLog] [info] wrote 50 bootstraps
[2019-10-28 16:07:20.333] [jointLog] [info] wrote 51 bootstraps
[2019-10-28 16:07:27.453] [jointLog] [info] wrote 52 bootstraps
[2019-10-28 16:07:31.188] [jointLog] [info] wrote 53 bootstraps
[2019-10-28 16:07:32.609] [jointLog] [info] wrote 54 bootstraps
[2019-10-28 16:07:38.674] [jointLog] [info] wrote 55 bootstraps
[2019-10-28 16:07:43.435] [jointLog] [info] wrote 56 bootstraps
[2019-10-28 16:08:02.038] [jointLog] [info] wrote 57 bootstraps
[2019-10-28 16:08:11.680] [jointLog] [info] wrote 58 bootstraps
[2019-10-28 16:08:13.250] [jointLog] [info] wrote 59 bootstraps
[2019-10-28 16:08:23.492] [jointLog] [info] wrote 60 bootstraps
[2019-10-28 16:08:23.585] [jointLog] [info] wrote 61 bootstraps
[2019-10-28 16:08:29.490] [jointLog] [info] wrote 62 bootstraps
[2019-10-28 16:08:31.429] [jointLog] [info] wrote 63 bootstraps
[2019-10-28 16:08:46.246] [jointLog] [info] wrote 64 bootstraps
[2019-10-28 16:09:05.230] [jointLog] [info] wrote 65 bootstraps
[2019-10-28 16:09:09.232] [jointLog] [info] wrote 66 bootstraps
[2019-10-28 16:09:09.773] [jointLog] [info] wrote 67 bootstraps
[2019-10-28 16:09:11.486] [jointLog] [info] wrote 68 bootstraps
[2019-10-28 16:09:12.041] [jointLog] [info] wrote 69 bootstraps
[2019-10-28 16:09:16.608] [jointLog] [info] wrote 70 bootstraps
[2019-10-28 16:09:36.309] [jointLog] [info] wrote 71 bootstraps
[2019-10-28 16:09:46.084] [jointLog] [info] wrote 72 bootstraps
[2019-10-28 16:09:52.537] [jointLog] [info] wrote 73 bootstraps
[2019-10-28 16:09:59.203] [jointLog] [info] wrote 74 bootstraps
[2019-10-28 16:09:59.957] [jointLog] [info] wrote 75 bootstraps
[2019-10-28 16:10:01.556] [jointLog] [info] wrote 76 bootstraps
[2019-10-28 16:10:04.606] [jointLog] [info] wrote 77 bootstraps
[2019-10-28 16:10:20.280] [jointLog] [info] wrote 78 bootstraps
[2019-10-28 16:10:27.435] [jointLog] [info] wrote 79 bootstraps
[2019-10-28 16:10:44.112] [jointLog] [info] wrote 80 bootstraps
[2019-10-28 16:10:46.832] [jointLog] [info] wrote 81 bootstraps
[2019-10-28 16:10:50.379] [jointLog] [info] wrote 82 bootstraps
[2019-10-28 16:10:50.392] [jointLog] [info] wrote 83 bootstraps
[2019-10-28 16:10:55.153] [jointLog] [info] wrote 84 bootstraps
[2019-10-28 16:11:02.183] [jointLog] [info] wrote 85 bootstraps
[2019-10-28 16:11:11.783] [jointLog] [info] wrote 86 bootstraps
[2019-10-28 16:11:31.377] [jointLog] [info] wrote 87 bootstraps
[2019-10-28 16:11:31.584] [jointLog] [info] wrote 88 bootstraps
[2019-10-28 16:11:33.724] [jointLog] [info] wrote 89 bootstraps
[2019-10-28 16:11:40.558] [jointLog] [info] wrote 90 bootstraps
[2019-10-28 16:11:50.094] [jointLog] [info] wrote 91 bootstraps
[2019-10-28 16:11:51.738] [jointLog] [info] wrote 92 bootstraps
[2019-10-28 16:11:55.548] [jointLog] [info] wrote 93 bootstraps
[2019-10-28 16:12:22.307] [jointLog] [info] wrote 94 bootstraps
[2019-10-28 16:12:25.625] [jointLog] [info] wrote 95 bootstraps
[2019-10-28 16:12:27.432] [jointLog] [info] wrote 96 bootstraps
[2019-10-28 16:12:28.382] [jointLog] [info] wrote 97 bootstraps
[2019-10-28 16:12:36.147] [jointLog] [info] wrote 98 bootstraps
[2019-10-28 16:12:43.237] [jointLog] [info] wrote 99 bootstraps
[2019-10-28 16:12:50.895] [jointLog] [info] wrote 100 bootstraps
[2019-10-28 16:12:50.900] [jointLog] [info] Finished Bootstrapping
