[2019-09-23 16:11:27.698] [jointLog] [info] Fragment incompatibility prior below threshold.  Incompatible fragments will be ignored.
[2019-09-23 16:11:27.698] [jointLog] [info] Usage of --validateMappings implies use of minScoreFraction. Since not explicitly specified, it is being set to 0.65
[2019-09-23 16:11:27.698] [jointLog] [info] Usage of --validateMappings, without --hardFilter implies use of range factorization. rangeFactorizationBins is being set to 4
[2019-09-23 16:11:27.698] [jointLog] [info] Usage of --validateMappings implies a default consensus slack of 0.2. Setting consensusSlack to 0.2.
[2019-09-23 16:11:27.698] [jointLog] [info] parsing read library format
[2019-09-23 16:11:27.698] [jointLog] [info] There is 1 library.
[2019-09-23 16:11:27.739] [jointLog] [info] Loading Quasi index
[2019-09-23 16:11:27.740] [jointLog] [info] Loading 32-bit quasi index
[2019-09-23 16:11:30.581] [jointLog] [info] done
[2019-09-23 16:11:30.581] [jointLog] [info] Index contained 52,719 targets
[2019-09-23 16:11:31.005] [jointLog] [info] Automatically detected most likely library type as ISR
[2019-09-23 16:13:32.900] [jointLog] [info] Thread saw mini-batch with a maximum of 1.44% zero probability fragments
[2019-09-23 16:13:32.918] [jointLog] [info] Thread saw mini-batch with a maximum of 1.36% zero probability fragments
[2019-09-23 16:13:32.950] [jointLog] [info] Thread saw mini-batch with a maximum of 1.40% zero probability fragments
[2019-09-23 16:13:32.953] [jointLog] [info] Thread saw mini-batch with a maximum of 1.48% zero probability fragments
[2019-09-23 16:13:32.997] [jointLog] [info] Thread saw mini-batch with a maximum of 1.36% zero probability fragments
[2019-09-23 16:13:32.999] [jointLog] [info] Thread saw mini-batch with a maximum of 1.44% zero probability fragments
[2019-09-23 16:13:33.005] [jointLog] [info] Thread saw mini-batch with a maximum of 1.38% zero probability fragments
[2019-09-23 16:13:33.007] [jointLog] [info] Thread saw mini-batch with a maximum of 1.40% zero probability fragments
[2019-09-23 16:13:33.104] [jointLog] [info] Computed 84,917 rich equivalence classes for further processing
[2019-09-23 16:13:33.104] [jointLog] [info] Counted 20,973,917 total reads in the equivalence classes 
[2019-09-23 16:13:33.119] [jointLog] [info] Number of mappings discarded because of alignment score : 753,293
[2019-09-23 16:13:33.119] [jointLog] [info] Number of fragments entirely discarded because of alignment score : 746,815
[2019-09-23 16:13:33.119] [jointLog] [info] Number of fragments discarded because they are best-mapped to decoys : 0
[2019-09-23 16:13:33.119] [jointLog] [info] Number of fragments discarded because they have only dovetail (discordant) mappings : 132,752
[2019-09-23 16:13:33.119] [jointLog] [info] Mapping rate = 84.0138%

[2019-09-23 16:13:33.119] [jointLog] [info] finished quantifyLibrary()
[2019-09-23 16:13:33.174] [jointLog] [info] Starting optimizer
[2019-09-23 16:13:33.334] [jointLog] [info] Marked 0 weighted equivalence classes as degenerate
[2019-09-23 16:13:33.337] [jointLog] [info] iteration = 0 | max rel diff. = 15580.6
[2019-09-23 16:13:33.104] [fileLog] [info] 
At end of round 0
==================
Observed 24964839 total fragments (24964839 in most recent round)

[2019-09-23 16:13:33.667] [jointLog] [info] iteration = 100 | max rel diff. = 18.2107
[2019-09-23 16:13:34.006] [jointLog] [info] iteration = 200 | max rel diff. = 18.6024
[2019-09-23 16:13:34.359] [jointLog] [info] iteration = 300 | max rel diff. = 16.7158
[2019-09-23 16:13:34.714] [jointLog] [info] iteration = 400 | max rel diff. = 19.3337
[2019-09-23 16:13:35.072] [jointLog] [info] iteration = 500 | max rel diff. = 14.5554
[2019-09-23 16:13:35.435] [jointLog] [info] iteration = 600 | max rel diff. = 10.427
[2019-09-23 16:13:35.796] [jointLog] [info] iteration = 700 | max rel diff. = 9.92475
[2019-09-23 16:13:36.122] [jointLog] [info] iteration = 800 | max rel diff. = 11.9945
[2019-09-23 16:13:36.476] [jointLog] [info] iteration = 900 | max rel diff. = 2.20961
[2019-09-23 16:13:36.838] [jointLog] [info] iteration = 1,000 | max rel diff. = 13.1735
[2019-09-23 16:13:37.206] [jointLog] [info] iteration = 1,100 | max rel diff. = 5.49776
[2019-09-23 16:13:37.566] [jointLog] [info] iteration = 1,200 | max rel diff. = 0.910659
[2019-09-23 16:13:37.918] [jointLog] [info] iteration = 1,300 | max rel diff. = 0.766478
[2019-09-23 16:13:38.279] [jointLog] [info] iteration = 1,400 | max rel diff. = 1.7799
[2019-09-23 16:13:38.637] [jointLog] [info] iteration = 1,500 | max rel diff. = 4.19298
[2019-09-23 16:13:38.984] [jointLog] [info] iteration = 1,600 | max rel diff. = 10.5093
[2019-09-23 16:13:39.333] [jointLog] [info] iteration = 1,700 | max rel diff. = 1.02374
[2019-09-23 16:13:39.695] [jointLog] [info] iteration = 1,800 | max rel diff. = 0.363942
[2019-09-23 16:13:40.061] [jointLog] [info] iteration = 1,900 | max rel diff. = 0.767954
[2019-09-23 16:13:40.425] [jointLog] [info] iteration = 2,000 | max rel diff. = 1.28641
[2019-09-23 16:13:40.790] [jointLog] [info] iteration = 2,100 | max rel diff. = 0.702594
[2019-09-23 16:13:41.157] [jointLog] [info] iteration = 2,200 | max rel diff. = 0.0904432
[2019-09-23 16:13:41.522] [jointLog] [info] iteration = 2,300 | max rel diff. = 2.46079
[2019-09-23 16:13:41.887] [jointLog] [info] iteration = 2,400 | max rel diff. = 2.58985
[2019-09-23 16:13:42.251] [jointLog] [info] iteration = 2,500 | max rel diff. = 1.29798
[2019-09-23 16:13:42.615] [jointLog] [info] iteration = 2,600 | max rel diff. = 0.416824
[2019-09-23 16:13:42.982] [jointLog] [info] iteration = 2,700 | max rel diff. = 10.3591
[2019-09-23 16:13:43.347] [jointLog] [info] iteration = 2,800 | max rel diff. = 0.0410992
[2019-09-23 16:13:43.707] [jointLog] [info] iteration = 2,900 | max rel diff. = 4.25923
[2019-09-23 16:13:44.049] [jointLog] [info] iteration = 3,000 | max rel diff. = 0.178668
[2019-09-23 16:13:44.377] [jointLog] [info] iteration = 3,100 | max rel diff. = 2.06791
[2019-09-23 16:13:44.708] [jointLog] [info] iteration = 3,200 | max rel diff. = 0.965603
[2019-09-23 16:13:45.067] [jointLog] [info] iteration = 3,300 | max rel diff. = 0.0695991
[2019-09-23 16:13:45.427] [jointLog] [info] iteration = 3,400 | max rel diff. = 0.0654074
[2019-09-23 16:13:45.795] [jointLog] [info] iteration = 3,500 | max rel diff. = 0.0340712
[2019-09-23 16:13:46.161] [jointLog] [info] iteration = 3,600 | max rel diff. = 14.8888
[2019-09-23 16:13:46.527] [jointLog] [info] iteration = 3,700 | max rel diff. = 0.025618
[2019-09-23 16:13:46.892] [jointLog] [info] iteration = 3,800 | max rel diff. = 0.148556
[2019-09-23 16:13:47.257] [jointLog] [info] iteration = 3,900 | max rel diff. = 0.107028
[2019-09-23 16:13:47.618] [jointLog] [info] iteration = 4,000 | max rel diff. = 0.175029
[2019-09-23 16:13:47.976] [jointLog] [info] iteration = 4,100 | max rel diff. = 0.273624
[2019-09-23 16:13:48.335] [jointLog] [info] iteration = 4,200 | max rel diff. = 0.405035
[2019-09-23 16:13:48.692] [jointLog] [info] iteration = 4,300 | max rel diff. = 0.44583
[2019-09-23 16:13:49.052] [jointLog] [info] iteration = 4,400 | max rel diff. = 0.0275187
[2019-09-23 16:13:49.409] [jointLog] [info] iteration = 4,500 | max rel diff. = 0.0334794
[2019-09-23 16:13:49.521] [jointLog] [info] iteration = 4,533 | max rel diff. = 0.00569074
[2019-09-23 16:13:49.523] [jointLog] [info] Finished optimizer
[2019-09-23 16:13:49.523] [jointLog] [info] writing output 

